=== RUN   TestBasicAgree2B
Test (2B): basic agreement ...
  ... Passed --   0.7  3   17    4881    3
--- PASS: TestBasicAgree2B (0.66s)
=== RUN   TestRPCBytes2B
Test (2B): RPC byte count ...
  ... Passed --   0.6  3   13   13485    2
--- PASS: TestRPCBytes2B (0.57s)
=== RUN   TestFailAgree2B
Test (2B): agreement despite follower disconnection ...
  ... Passed --   5.8  3  194   58533    8
--- PASS: TestFailAgree2B (5.81s)
=== RUN   TestFailNoAgree2B
Test (2B): no agreement if too many followers disconnect ...
  ... Passed --   3.5  5  315   66928    3
--- PASS: TestFailNoAgree2B (3.49s)
=== RUN   TestConcurrentStarts2B
Test (2B): concurrent Start()s ...
  ... Passed --   0.8  3   23    6809    6
--- PASS: TestConcurrentStarts2B (0.77s)
=== RUN   TestRejoin2B
Test (2B): rejoin of partitioned leader ...
  ... Passed --   4.2  5  482  125145    4
--- PASS: TestRejoin2B (4.16s)
=== RUN   TestBackup2B
Test (2B): leader backs up quickly over incorrect follower logs ...
  ... Passed --  41.0  5 21429 15807158  108
--- PASS: TestBackup2B (40.96s)
=== RUN   TestCount2B
Test (2B): RPC counts aren't too high ...
  ... Passed --   2.4  3   69   23452   12
--- PASS: TestCount2B (2.40s)
PASS
