=== RUN   TestReliableChurn2C
Test (2C): churn ...
  ... Passed --  16.5  5  733  556900  366
--- PASS: TestReliableChurn2C (16.51s)
=== RUN   TestUnreliableChurn2C
Test (2C): unreliable churn ...
  ... Passed --  16.3  5  958  508453  130
--- PASS: TestUnreliableChurn2C (16.25s)
=== RUN   TestFigure8Unreliable2C
Test (2C): Figure 8 (unreliable) ...
    config.go:222: test took longer than 120 seconds
--- FAIL: TestFigure8Unreliable2C (121.80s)
=== RUN   TestUnreliableAgree2C
Test (2C): unreliable agreement ...
  ... Passed --  15.2  5  469  157006  246
--- PASS: TestUnreliableAgree2C (15.23s)
=== RUN   TestPersist12C
Test (2C): basic persistence ...
  ... Passed --   8.4  3  107   26417    6
--- PASS: TestPersist12C (8.45s)
=== RUN   TestPersist22C
Test (2C): more persistence ...
  ... Passed --  34.7  5 2350  473384   16
--- PASS: TestPersist22C (34.81s)
=== RUN   TestPersist32C
Test (2C): partitioned leader and one follower crash, leader restarts ...
  ... Passed --   6.2  3   44   10814    4
--- PASS: TestPersist32C (6.16s)
=== RUN   TestFigure82C
Test (2C): Figure 8 ...
  ... Passed --  42.6  5  959  125708    9
--- PASS: TestFigure82C (42.59s)
FAIL
exit status 1
FAIL	6.824-golabs-2020/raft	261.966s
