=== RUN   TestBasicAgree2B
Test (2B): basic agreement ...
  ... Passed --   0.7  3   20    5286    3
--- PASS: TestBasicAgree2B (0.67s)
=== RUN   TestRPCBytes2B
Test (2B): RPC byte count ...
  ... Passed --   0.7  3   16   13952    2
--- PASS: TestRPCBytes2B (0.66s)
=== RUN   TestFailAgree2B
Test (2B): agreement despite follower disconnection ...
  ... Passed --   5.7  3  197   58770    8
--- PASS: TestFailAgree2B (5.67s)
=== RUN   TestFailNoAgree2B
Test (2B): no agreement if too many followers disconnect ...
  ... Passed --   3.5  5  316   69571    4
--- PASS: TestFailNoAgree2B (3.51s)
=== RUN   TestConcurrentStarts2B
Test (2B): concurrent Start()s ...
  ... Passed --   0.8  3   18    5680    6
--- PASS: TestConcurrentStarts2B (0.82s)
=== RUN   TestRejoin2B
Test (2B): rejoin of partitioned leader ...
  ... Passed --   4.1  5  475  120475    4
--- PASS: TestRejoin2B (4.12s)
=== RUN   TestBackup2B
Test (2B): leader backs up quickly over incorrect follower logs ...
    config.go:479: one(4446593550032232779) failed to reach agreement
--- FAIL: TestBackup2B (67.97s)
=== RUN   TestCount2B
Test (2B): RPC counts aren't too high ...
  ... Passed --  23.2  3  510  136883   50
--- PASS: TestCount2B (24.67s)
FAIL
exit status 1
FAIL	6.824-golabs-2020/raft	114.767s
