=== RUN   TestReliableChurn2C
Test (2C): churn ...
  ... Passed --  16.5  5 1213 1136491  245
--- PASS: TestReliableChurn2C (16.51s)
=== RUN   TestUnreliableChurn2C
Test (2C): unreliable churn ...
  ... Passed --  16.4  5  895  357911  247
--- PASS: TestUnreliableChurn2C (16.40s)
=== RUN   TestFigure8Unreliable2C
Test (2C): Figure 8 (unreliable) ...
  ... Passed --  39.7  5 10842 14443233  232
--- PASS: TestFigure8Unreliable2C (39.72s)
=== RUN   TestUnreliableAgree2C
Test (2C): unreliable agreement ...
  ... Passed --  14.4  5  478  163550  246
--- PASS: TestUnreliableAgree2C (14.44s)
=== RUN   TestPersist12C
Test (2C): basic persistence ...
  ... Passed --   7.8  3   99   24677    6
--- PASS: TestPersist12C (7.85s)
=== RUN   TestPersist22C
Test (2C): more persistence ...
    config.go:479: one(25) failed to reach agreement
--- FAIL: TestPersist22C (38.47s)
=== RUN   TestPersist32C
Test (2C): partitioned leader and one follower crash, leader restarts ...
  ... Passed --   7.5  3   57   14079    4
--- PASS: TestPersist32C (7.73s)
=== RUN   TestFigure82C
Test (2C): Figure 8 ...
  ... Passed --  46.6  5 1019  137343   11
--- PASS: TestFigure82C (46.62s)
FAIL
exit status 1
FAIL	6.824-golabs-2020/raft	187.778s
