=== RUN   TestReliableChurn2C
Test (2C): churn ...
  ... Passed --  16.2  5 1506 1780895  276
--- PASS: TestReliableChurn2C (16.20s)
=== RUN   TestUnreliableChurn2C
Test (2C): unreliable churn ...
  ... Passed --  16.6  5  986  733156  270
--- PASS: TestUnreliableChurn2C (16.56s)
=== RUN   TestFigure8Unreliable2C
Test (2C): Figure 8 (unreliable) ...
    config.go:222: test took longer than 120 seconds
--- FAIL: TestFigure8Unreliable2C (132.90s)
=== RUN   TestUnreliableAgree2C
Test (2C): unreliable agreement ...
  ... Passed --  15.1  5  445  147464  246
--- PASS: TestUnreliableAgree2C (15.10s)
=== RUN   TestPersist12C
Test (2C): basic persistence ...
  ... Passed --  13.7  3  301   61194    6
--- PASS: TestPersist12C (13.73s)
=== RUN   TestPersist22C
Test (2C): more persistence ...
  ... Passed --  32.7  5 1994  423812   17
--- PASS: TestPersist22C (32.78s)
=== RUN   TestPersist32C
Test (2C): partitioned leader and one follower crash, leader restarts ...
  ... Passed --   6.2  3   46   11347    4
--- PASS: TestPersist32C (6.37s)
=== RUN   TestFigure82C
Test (2C): Figure 8 ...
  ... Passed --  39.6  5  785  104116    5
--- PASS: TestFigure82C (39.66s)
FAIL
exit status 1
FAIL	6.824-golabs-2020/raft	273.371s
