=== RUN   TestReliableChurn2C
Test (2C): churn ...
  ... Passed --  16.3  5  945  642108  295
--- PASS: TestReliableChurn2C (16.31s)
=== RUN   TestUnreliableChurn2C
Test (2C): unreliable churn ...
  ... Passed --  16.3  5  628  257586   88
--- PASS: TestUnreliableChurn2C (16.32s)
=== RUN   TestFigure8Unreliable2C
Test (2C): Figure 8 (unreliable) ...
    config.go:222: test took longer than 120 seconds
--- FAIL: TestFigure8Unreliable2C (147.67s)
=== RUN   TestUnreliableAgree2C
Test (2C): unreliable agreement ...
  ... Passed --  15.1  5  470  162880  246
--- PASS: TestUnreliableAgree2C (15.22s)
=== RUN   TestPersist12C
Test (2C): basic persistence ...
  ... Passed --   9.2  3  119   29437    6
--- PASS: TestPersist12C (9.30s)
=== RUN   TestPersist22C
Test (2C): more persistence ...
  ... Passed --  34.6  5 2167  452267   17
--- PASS: TestPersist22C (34.59s)
=== RUN   TestPersist32C
Test (2C): partitioned leader and one follower crash, leader restarts ...
  ... Passed --   5.8  3   40   10672    4
--- PASS: TestPersist32C (6.03s)
=== RUN   TestFigure82C
Test (2C): Figure 8 ...
  ... Passed --  40.5  5  813  103267    4
--- PASS: TestFigure82C (40.65s)
FAIL
exit status 1
FAIL	6.824-golabs-2020/raft	286.202s
