=== RUN   TestReliableChurn2C
Test (2C): churn ...
  ... Passed --  16.5  5 1891 1193272  205
--- PASS: TestReliableChurn2C (16.50s)
=== RUN   TestUnreliableChurn2C
Test (2C): unreliable churn ...
  ... Passed --  16.3  5 1157  602720  103
--- PASS: TestUnreliableChurn2C (16.32s)
=== RUN   TestFigure8Unreliable2C
Test (2C): Figure 8 (unreliable) ...
    config.go:222: test took longer than 120 seconds
--- FAIL: TestFigure8Unreliable2C (124.71s)
=== RUN   TestUnreliableAgree2C
Test (2C): unreliable agreement ...
  ... Passed --  15.9  5  494  163240  246
--- PASS: TestUnreliableAgree2C (15.87s)
=== RUN   TestPersist12C
Test (2C): basic persistence ...
  ... Passed --   9.1  3  135   31177    6
--- PASS: TestPersist12C (9.11s)
=== RUN   TestPersist22C
Test (2C): more persistence ...
  ... Passed --  27.3  5 1514  348818   17
--- PASS: TestPersist22C (27.28s)
=== RUN   TestPersist32C
Test (2C): partitioned leader and one follower crash, leader restarts ...
  ... Passed --   4.5  3   41   10639    4
--- PASS: TestPersist32C (4.60s)
=== RUN   TestFigure82C
Test (2C): Figure 8 ...
  ... Passed --  39.8  5  813  116363    5
--- PASS: TestFigure82C (39.82s)
FAIL
exit status 1
FAIL	6.824-golabs-2020/raft	254.212s
