=== RUN   TestReliableChurn2C
Test (2C): churn ...
  ... Passed --  16.2  5  653  157040  124
--- PASS: TestReliableChurn2C (16.25s)
=== RUN   TestUnreliableChurn2C
Test (2C): unreliable churn ...
  ... Passed --  16.6  5  953  687611  114
--- PASS: TestUnreliableChurn2C (16.62s)
=== RUN   TestFigure8Unreliable2C
Test (2C): Figure 8 (unreliable) ...
    config.go:222: test took longer than 120 seconds
--- FAIL: TestFigure8Unreliable2C (268.63s)
=== RUN   TestUnreliableAgree2C
Test (2C): unreliable agreement ...
  ... Passed --  24.7  5  701  233248  246
--- PASS: TestUnreliableAgree2C (24.73s)
=== RUN   TestPersist12C
Test (2C): basic persistence ...
  ... Passed --  13.1  3  188   41739    6
--- PASS: TestPersist12C (13.20s)
=== RUN   TestPersist22C
Test (2C): more persistence ...
  ... Passed --  35.8  5 1782  370718   18
--- PASS: TestPersist22C (35.99s)
=== RUN   TestPersist32C
Test (2C): partitioned leader and one follower crash, leader restarts ...
  ... Passed --  10.1  3   63   13801    4
--- PASS: TestPersist32C (10.05s)
=== RUN   TestFigure82C
Test (2C): Figure 8 ...
  ... Passed --  51.4  5 1149  159291   10
--- PASS: TestFigure82C (51.63s)
FAIL
exit status 1
FAIL	6.824-golabs-2020/raft	437.104s
