=== RUN   TestReliableChurn2C
Test (2C): churn ...
  ... Passed --  16.5  5  940  628803  298
--- PASS: TestReliableChurn2C (16.50s)
=== RUN   TestUnreliableChurn2C
Test (2C): unreliable churn ...
  ... Passed --  16.3  5  622  288142   80
--- PASS: TestUnreliableChurn2C (16.29s)
=== RUN   TestFigure8Unreliable2C
Test (2C): Figure 8 (unreliable) ...
    config.go:222: test took longer than 120 seconds
--- FAIL: TestFigure8Unreliable2C (127.22s)
=== RUN   TestUnreliableAgree2C
Test (2C): unreliable agreement ...
  ... Passed --  16.6  5  488  171139  246
--- PASS: TestUnreliableAgree2C (16.72s)
=== RUN   TestPersist12C
Test (2C): basic persistence ...
  ... Passed --  10.8  3  154   34725    6
--- PASS: TestPersist12C (10.93s)
=== RUN   TestPersist22C
Test (2C): more persistence ...
  ... Passed --  40.6  5 2510  549286   18
--- PASS: TestPersist22C (40.68s)
=== RUN   TestPersist32C
Test (2C): partitioned leader and one follower crash, leader restarts ...
  ... Passed --   9.1  3   71   16035    4
--- PASS: TestPersist32C (9.11s)
=== RUN   TestFigure82C
Test (2C): Figure 8 ...
  ... Passed --  40.5  5  907  117720    8
--- PASS: TestFigure82C (40.49s)
FAIL
exit status 1
FAIL	6.824-golabs-2020/raft	277.940s
