=== RUN   TestReliableChurn2C
Test (2C): churn ...
  ... Passed --  16.5  5 1686 1077622  164
--- PASS: TestReliableChurn2C (16.45s)
=== RUN   TestUnreliableChurn2C
Test (2C): unreliable churn ...
  ... Passed --  16.3  5  533  157820   94
--- PASS: TestUnreliableChurn2C (16.30s)
=== RUN   TestFigure8Unreliable2C
Test (2C): Figure 8 (unreliable) ...
    config.go:222: test took longer than 120 seconds
--- FAIL: TestFigure8Unreliable2C (138.67s)
=== RUN   TestUnreliableAgree2C
Test (2C): unreliable agreement ...
  ... Passed --  17.8  5  542  169668  246
--- PASS: TestUnreliableAgree2C (17.83s)
=== RUN   TestPersist12C
Test (2C): basic persistence ...
  ... Passed --  11.0  3  208   44386    6
--- PASS: TestPersist12C (11.14s)
=== RUN   TestPersist22C
Test (2C): more persistence ...
  ... Passed --  34.9  5 2244  483520   17
--- PASS: TestPersist22C (34.85s)
=== RUN   TestPersist32C
Test (2C): partitioned leader and one follower crash, leader restarts ...
  ... Passed --   4.6  3   37    9871    4
--- PASS: TestPersist32C (4.80s)
=== RUN   TestFigure82C
Test (2C): Figure 8 ...
  ... Passed --  40.8  5  891  127182   11
--- PASS: TestFigure82C (40.84s)
FAIL
exit status 1
FAIL	6.824-golabs-2020/raft	280.893s
