=== RUN   TestReliableChurn2C
Test (2C): churn ...
  ... Passed --  16.2  5  426  156048  127
--- PASS: TestReliableChurn2C (16.25s)
=== RUN   TestUnreliableChurn2C
Test (2C): unreliable churn ...
  ... Passed --  16.6  5  803  386637  175
--- PASS: TestUnreliableChurn2C (16.64s)
=== RUN   TestFigure8Unreliable2C
Test (2C): Figure 8 (unreliable) ...
    config.go:222: test took longer than 120 seconds
--- FAIL: TestFigure8Unreliable2C (145.96s)
=== RUN   TestUnreliableAgree2C
Test (2C): unreliable agreement ...
  ... Passed --  23.8  5  661  227053  246
--- PASS: TestUnreliableAgree2C (23.78s)
=== RUN   TestPersist12C
Test (2C): basic persistence ...
  ... Passed --  10.5  3  155   36112    6
--- PASS: TestPersist12C (10.81s)
=== RUN   TestPersist22C
Test (2C): more persistence ...
  ... Passed --  34.5  5 1651  369780   18
--- PASS: TestPersist22C (34.62s)
=== RUN   TestPersist32C
Test (2C): partitioned leader and one follower crash, leader restarts ...
  ... Passed --   7.7  3   61   14696    4
--- PASS: TestPersist32C (7.67s)
=== RUN   TestFigure82C
Test (2C): Figure 8 ...
  ... Passed --  50.6  5  997  133300   11
--- PASS: TestFigure82C (50.59s)
FAIL
exit status 1
FAIL	6.824-golabs-2020/raft	306.795s
