=== RUN   TestReliableChurn2C
Test (2C): churn ...
  ... Passed --  16.2  5 1311 1066668  292
--- PASS: TestReliableChurn2C (16.23s)
=== RUN   TestUnreliableChurn2C
Test (2C): unreliable churn ...
  ... Passed --  17.0  5  791  569518  100
--- PASS: TestUnreliableChurn2C (17.01s)
=== RUN   TestFigure8Unreliable2C
Test (2C): Figure 8 (unreliable) ...
    config.go:222: test took longer than 120 seconds
--- FAIL: TestFigure8Unreliable2C (160.75s)
=== RUN   TestUnreliableAgree2C
Test (2C): unreliable agreement ...
  ... Passed --  24.3  5  621  211706  246
--- PASS: TestUnreliableAgree2C (24.29s)
=== RUN   TestPersist12C
Test (2C): basic persistence ...
  ... Passed --  10.1  3  138   32528    6
--- PASS: TestPersist12C (10.12s)
=== RUN   TestPersist22C
Test (2C): more persistence ...
  ... Passed --  38.1  5 2154  458461   17
--- PASS: TestPersist22C (38.10s)
=== RUN   TestPersist32C
Test (2C): partitioned leader and one follower crash, leader restarts ...
  ... Passed --  10.0  3   93   21612    5
--- PASS: TestPersist32C (9.95s)
=== RUN   TestFigure82C
Test (2C): Figure 8 ...
  ... Passed --  35.8  5  681   90943    8
--- PASS: TestFigure82C (35.78s)
FAIL
exit status 1
FAIL	6.824-golabs-2020/raft	312.414s
