=== RUN   TestReliableChurn2C
Test (2C): churn ...
  ... Passed --  16.3  5 1173  592840  120
--- PASS: TestReliableChurn2C (16.28s)
=== RUN   TestUnreliableChurn2C
Test (2C): unreliable churn ...
  ... Passed --  16.5  5  621  245335   90
--- PASS: TestUnreliableChurn2C (16.48s)
=== RUN   TestFigure8Unreliable2C
Test (2C): Figure 8 (unreliable) ...
    config.go:222: test took longer than 120 seconds
--- FAIL: TestFigure8Unreliable2C (123.80s)
=== RUN   TestUnreliableAgree2C
Test (2C): unreliable agreement ...
  ... Passed --  24.0  5  631  218624  246
--- PASS: TestUnreliableAgree2C (23.95s)
=== RUN   TestPersist12C
Test (2C): basic persistence ...
  ... Passed --  11.6  3  150   36205    6
--- PASS: TestPersist12C (11.73s)
=== RUN   TestPersist22C
Test (2C): more persistence ...
  ... Passed --  42.3  5 3015  624034   18
--- PASS: TestPersist22C (42.29s)
=== RUN   TestPersist32C
Test (2C): partitioned leader and one follower crash, leader restarts ...
  ... Passed --   8.3  3   56   13648    4
--- PASS: TestPersist32C (8.33s)
=== RUN   TestFigure82C
Test (2C): Figure 8 ...
  ... Passed --  42.6  5  948  131378    9
--- PASS: TestFigure82C (42.59s)
FAIL
exit status 1
FAIL	6.824-golabs-2020/raft	285.477s
