=== RUN   TestReliableChurn2C
Test (2C): churn ...
  ... Passed --  16.2  5  784  581954  270
--- PASS: TestReliableChurn2C (16.24s)
=== RUN   TestUnreliableChurn2C
Test (2C): unreliable churn ...
  ... Passed --  16.6  5  638  218530  102
--- PASS: TestUnreliableChurn2C (16.60s)
=== RUN   TestFigure8Unreliable2C
Test (2C): Figure 8 (unreliable) ...
    config.go:479: one(5370) failed to reach agreement
--- FAIL: TestFigure8Unreliable2C (211.91s)
=== RUN   TestUnreliableAgree2C
Test (2C): unreliable agreement ...
  ... Passed --  19.8  5  583  195694  246
--- PASS: TestUnreliableAgree2C (19.91s)
=== RUN   TestPersist12C
Test (2C): basic persistence ...
  ... Passed --  11.2  3  132   31403    6
--- PASS: TestPersist12C (11.24s)
=== RUN   TestPersist22C
Test (2C): more persistence ...
  ... Passed --  36.6  5 1865  430135   19
--- PASS: TestPersist22C (36.57s)
=== RUN   TestPersist32C
Test (2C): partitioned leader and one follower crash, leader restarts ...
  ... Passed --   4.8  3   46   12117    4
--- PASS: TestPersist32C (4.91s)
=== RUN   TestFigure82C
Test (2C): Figure 8 ...
  ... Passed --  42.0  5  892  114024    8
--- PASS: TestFigure82C (42.02s)
FAIL
exit status 1
FAIL	6.824-golabs-2020/raft	359.409s
