=== RUN   TestReliableChurn2C
Test (2C): churn ...
  ... Passed --  16.6  5  792  626404  244
--- PASS: TestReliableChurn2C (16.60s)
=== RUN   TestUnreliableChurn2C
Test (2C): unreliable churn ...
  ... Passed --  16.3  5  616  160895   61
--- PASS: TestUnreliableChurn2C (16.34s)
=== RUN   TestFigure8Unreliable2C
Test (2C): Figure 8 (unreliable) ...
    config.go:222: test took longer than 120 seconds
--- FAIL: TestFigure8Unreliable2C (133.34s)
=== RUN   TestUnreliableAgree2C
Test (2C): unreliable agreement ...
  ... Passed --  16.5  5  474  163505  246
--- PASS: TestUnreliableAgree2C (16.65s)
=== RUN   TestPersist12C
Test (2C): basic persistence ...
  ... Passed --  11.0  3  186   40635    6
--- PASS: TestPersist12C (11.11s)
=== RUN   TestPersist22C
Test (2C): more persistence ...
  ... Passed --  30.2  5 2113  434318   16
--- PASS: TestPersist22C (30.21s)
=== RUN   TestPersist32C
Test (2C): partitioned leader and one follower crash, leader restarts ...
  ... Passed --   4.2  3   34    9168    4
--- PASS: TestPersist32C (4.15s)
=== RUN   TestFigure82C
Test (2C): Figure 8 ...
  ... Passed --  41.8  5  918  125996    7
--- PASS: TestFigure82C (41.81s)
FAIL
exit status 1
FAIL	6.824-golabs-2020/raft	270.247s
