Running test iteration 1 of 200...
Test iteration 1 passed.
Running test iteration 2 of 200...
Test iteration 2 passed.
Running test iteration 3 of 200...
Test iteration 3 passed.
Running test iteration 4 of 200...
Test iteration 4 passed.
Running test iteration 5 of 200...
Test iteration 5 passed.
Running test iteration 6 of 200...
Test iteration 6 passed.
Running test iteration 7 of 200...
Test iteration 7 passed.
Running test iteration 8 of 200...
Test iteration 8 passed.
Running test iteration 9 of 200...
Test iteration 9 passed.
Running test iteration 10 of 200...
Test iteration 10 passed.
Running test iteration 11 of 200...
Test iteration 11 failed, check 'failure_11.log' for details.
Running test iteration 12 of 200...
Test iteration 12 passed.
Running test iteration 13 of 200...
Test iteration 13 passed.
Running test iteration 14 of 200...
Test iteration 14 passed.
Running test iteration 15 of 200...
Test iteration 15 passed.
Running test iteration 16 of 200...
Test iteration 16 passed.
Running test iteration 17 of 200...
Test iteration 17 passed.
Running test iteration 18 of 200...
Test iteration 18 passed.
Running test iteration 19 of 200...
Test iteration 19 passed.
Running test iteration 20 of 200...
Test iteration 20 passed.
Running test iteration 21 of 200...
Test iteration 21 passed.
Running test iteration 22 of 200...
Test iteration 22 passed.
Running test iteration 23 of 200...
Test iteration 23 passed.
Running test iteration 24 of 200...
Test iteration 24 passed.
Running test iteration 25 of 200...
Test iteration 25 passed.
Running test iteration 26 of 200...
Test iteration 26 passed.
Running test iteration 27 of 200...
Test iteration 27 passed.
Running test iteration 28 of 200...
Test iteration 28 passed.
Running test iteration 29 of 200...
Test iteration 29 passed.
Running test iteration 30 of 200...
Test iteration 30 passed.
Running test iteration 31 of 200...
Test iteration 31 passed.
Running test iteration 32 of 200...
Test iteration 32 passed.
Running test iteration 33 of 200...
Test iteration 33 passed.
Running test iteration 34 of 200...
Test iteration 34 passed.
Running test iteration 35 of 200...
Test iteration 35 passed.
Running test iteration 36 of 200...
Test iteration 36 passed.
Running test iteration 37 of 200...
Test iteration 37 passed.
Running test iteration 38 of 200...
Test iteration 38 passed.
Running test iteration 39 of 200...
Test iteration 39 passed.
Running test iteration 40 of 200...
Test iteration 40 passed.
Running test iteration 41 of 200...
Test iteration 41 passed.
Running test iteration 42 of 200...
Test iteration 42 passed.
Running test iteration 43 of 200...
Test iteration 43 failed, check 'failure_43.log' for details.
Running test iteration 44 of 200...
Test iteration 44 failed, check 'failure_44.log' for details.
Running test iteration 45 of 200...
Test iteration 45 passed.
Running test iteration 46 of 200...
Test iteration 46 passed.
Running test iteration 47 of 200...
Test iteration 47 passed.
Running test iteration 48 of 200...
Test iteration 48 passed.
Running test iteration 49 of 200...
Test iteration 49 failed, check 'failure_49.log' for details.
Running test iteration 50 of 200...
Test iteration 50 passed.
Running test iteration 51 of 200...
Test iteration 51 passed.
Running test iteration 52 of 200...
Test iteration 52 passed.
Running test iteration 53 of 200...
Test iteration 53 passed.
Running test iteration 54 of 200...
Test iteration 54 passed.
Running test iteration 55 of 200...
Test iteration 55 passed.
Running test iteration 56 of 200...
Test iteration 56 passed.
Running test iteration 57 of 200...
Test iteration 57 passed.
Running test iteration 58 of 200...
Test iteration 58 passed.
Running test iteration 59 of 200...
Test iteration 59 passed.
Running test iteration 60 of 200...
Test iteration 60 passed.
Running test iteration 61 of 200...
Test iteration 61 passed.
Running test iteration 62 of 200...
Test iteration 62 passed.
Running test iteration 63 of 200...
Test iteration 63 passed.
Running test iteration 64 of 200...
Test iteration 64 passed.
Running test iteration 65 of 200...
Test iteration 65 passed.
Running test iteration 66 of 200...
Test iteration 66 passed.
Running test iteration 67 of 200...
Test iteration 67 passed.
Running test iteration 68 of 200...
Test iteration 68 passed.
Running test iteration 69 of 200...
Test iteration 69 passed.
Running test iteration 70 of 200...
Test iteration 70 passed.
Running test iteration 71 of 200...
Test iteration 71 passed.
Running test iteration 72 of 200...
Test iteration 72 passed.
Running test iteration 73 of 200...
Test iteration 73 passed.
Running test iteration 74 of 200...
Test iteration 74 passed.
Running test iteration 75 of 200...
Test iteration 75 passed.
Running test iteration 76 of 200...
Test iteration 76 passed.
Running test iteration 77 of 200...
Test iteration 77 passed.
Running test iteration 78 of 200...
Test iteration 78 passed.
Running test iteration 79 of 200...
Test iteration 79 passed.
Running test iteration 80 of 200...
Test iteration 80 passed.
Running test iteration 81 of 200...
Test iteration 81 failed, check 'failure_81.log' for details.
Running test iteration 82 of 200...
Test iteration 82 passed.
Running test iteration 83 of 200...
Test iteration 83 passed.
Running test iteration 84 of 200...
Test iteration 84 passed.
Running test iteration 85 of 200...
Test iteration 85 passed.
Running test iteration 86 of 200...
Test iteration 86 passed.
Running test iteration 87 of 200...
Test iteration 87 passed.
Running test iteration 88 of 200...
Test iteration 88 passed.
Running test iteration 89 of 200...
Test iteration 89 passed.
Running test iteration 90 of 200...
Test iteration 90 passed.
Running test iteration 91 of 200...
Test iteration 91 passed.
Running test iteration 92 of 200...
Test iteration 92 passed.
Running test iteration 93 of 200...
Test iteration 93 passed.
Running test iteration 94 of 200...
Test iteration 94 passed.
Running test iteration 95 of 200...
Test iteration 95 passed.
Running test iteration 96 of 200...
Test iteration 96 passed.
Running test iteration 97 of 200...
Test iteration 97 passed.
Running test iteration 98 of 200...
Test iteration 98 passed.
Running test iteration 99 of 200...
Test iteration 99 passed.
Running test iteration 100 of 200...
Test iteration 100 passed.
Running test iteration 101 of 200...
Test iteration 101 passed.
Running test iteration 102 of 200...
Test iteration 102 passed.
Running test iteration 103 of 200...
Test iteration 103 passed.
Running test iteration 104 of 200...
Test iteration 104 passed.
Running test iteration 105 of 200...
Test iteration 105 passed.
Running test iteration 106 of 200...
Test iteration 106 passed.
Running test iteration 107 of 200...
Test iteration 107 passed.
Running test iteration 108 of 200...
Test iteration 108 passed.
Running test iteration 109 of 200...
Test iteration 109 passed.
Running test iteration 110 of 200...
Test iteration 110 passed.
Running test iteration 111 of 200...
Test iteration 111 passed.
Running test iteration 112 of 200...
Test iteration 112 passed.
Running test iteration 113 of 200...
Test iteration 113 passed.
Running test iteration 114 of 200...
Test iteration 114 passed.
Running test iteration 115 of 200...
Test iteration 115 passed.
Running test iteration 116 of 200...
Test iteration 116 passed.
Running test iteration 117 of 200...
Test iteration 117 passed.
Running test iteration 118 of 200...
Test iteration 118 passed.
Running test iteration 119 of 200...
Test iteration 119 passed.
Running test iteration 120 of 200...
Test iteration 120 passed.
Running test iteration 121 of 200...
Test iteration 121 passed.
Running test iteration 122 of 200...
Test iteration 122 passed.
Running test iteration 123 of 200...
Test iteration 123 passed.
Running test iteration 124 of 200...
Test iteration 124 passed.
Running test iteration 125 of 200...
Test iteration 125 passed.
Running test iteration 126 of 200...
Test iteration 126 passed.
Running test iteration 127 of 200...
Test iteration 127 failed, check 'failure_127.log' for details.
Running test iteration 128 of 200...
Test iteration 128 passed.
Running test iteration 129 of 200...
Test iteration 129 passed.
Running test iteration 130 of 200...
Test iteration 130 passed.
Running test iteration 131 of 200...
Test iteration 131 passed.
Running test iteration 132 of 200...
Test iteration 132 passed.
Running test iteration 133 of 200...
Test iteration 133 passed.
Running test iteration 134 of 200...
Test iteration 134 passed.
Running test iteration 135 of 200...
Test iteration 135 passed.
Running test iteration 136 of 200...
Test iteration 136 passed.
Running test iteration 137 of 200...
Test iteration 137 passed.
Running test iteration 138 of 200...
Test iteration 138 passed.
Running test iteration 139 of 200...
Test iteration 139 passed.
Running test iteration 140 of 200...
Test iteration 140 passed.
Running test iteration 141 of 200...
Test iteration 141 passed.
Running test iteration 142 of 200...
Test iteration 142 passed.
Running test iteration 143 of 200...
Test iteration 143 passed.
Running test iteration 144 of 200...
Test iteration 144 passed.
Running test iteration 145 of 200...
Test iteration 145 passed.
Running test iteration 146 of 200...
Test iteration 146 passed.
Running test iteration 147 of 200...
Test iteration 147 passed.
Running test iteration 148 of 200...
Test iteration 148 passed.
Running test iteration 149 of 200...
Test iteration 149 passed.
Running test iteration 150 of 200...
Test iteration 150 passed.
Running test iteration 151 of 200...
Test iteration 151 failed, check 'failure_151.log' for details.
Running test iteration 152 of 200...
Test iteration 152 passed.
Running test iteration 153 of 200...
Test iteration 153 passed.
Running test iteration 154 of 200...
Test iteration 154 passed.
Running test iteration 155 of 200...
Test iteration 155 passed.
Running test iteration 156 of 200...
Test iteration 156 failed, check 'failure_156.log' for details.
Running test iteration 157 of 200...
Test iteration 157 passed.
Running test iteration 158 of 200...
Test iteration 158 passed.
Running test iteration 159 of 200...
Test iteration 159 passed.
Running test iteration 160 of 200...
Test iteration 160 passed.
Running test iteration 161 of 200...
Test iteration 161 passed.
Running test iteration 162 of 200...
Test iteration 162 passed.
Running test iteration 163 of 200...
Test iteration 163 passed.
Running test iteration 164 of 200...
Test iteration 164 passed.
Running test iteration 165 of 200...
Test iteration 165 passed.
Running test iteration 166 of 200...
Test iteration 166 passed.
Running test iteration 167 of 200...
Test iteration 167 passed.
Running test iteration 168 of 200...
Test iteration 168 passed.
Running test iteration 169 of 200...
Test iteration 169 passed.
Running test iteration 170 of 200...
Test iteration 170 passed.
Running test iteration 171 of 200...
Test iteration 171 passed.
Running test iteration 172 of 200...
Test iteration 172 passed.
Running test iteration 173 of 200...
Test iteration 173 passed.
Running test iteration 174 of 200...
Test iteration 174 passed.
Running test iteration 175 of 200...
Test iteration 175 passed.
Running test iteration 176 of 200...
Test iteration 176 passed.
Running test iteration 177 of 200...
Test iteration 177 passed.
Running test iteration 178 of 200...
Test iteration 178 passed.
Running test iteration 179 of 200...
Test iteration 179 failed, check 'failure_179.log' for details.
Running test iteration 180 of 200...
Test iteration 180 passed.
Running test iteration 181 of 200...
Test iteration 181 passed.
Running test iteration 182 of 200...
Test iteration 182 passed.
Running test iteration 183 of 200...
Test iteration 183 passed.
Running test iteration 184 of 200...
Test iteration 184 passed.
Running test iteration 185 of 200...
Test iteration 185 failed, check 'failure_185.log' for details.
Running test iteration 186 of 200...
Test iteration 186 passed.
Running test iteration 187 of 200...
Test iteration 187 passed.
Running test iteration 188 of 200...
Test iteration 188 passed.
Running test iteration 189 of 200...
Test iteration 189 passed.
Running test iteration 190 of 200...
Test iteration 190 passed.
Running test iteration 191 of 200...
Test iteration 191 passed.
Running test iteration 192 of 200...
Test iteration 192 passed.
Running test iteration 193 of 200...
Test iteration 193 passed.
Running test iteration 194 of 200...
Test iteration 194 passed.
Running test iteration 195 of 200...
Test iteration 195 passed.
Running test iteration 196 of 200...
Test iteration 196 passed.
Running test iteration 197 of 200...
Test iteration 197 passed.
Running test iteration 198 of 200...
Test iteration 198 passed.
Running test iteration 199 of 200...
Test iteration 199 passed.
Running test iteration 200 of 200...
Test iteration 200 passed.
Testing completed: 200 iterations run.
Successes: 190
Failures: 10
Running test iteration 1 of 500...
Test iteration 1 passed.
Running test iteration 2 of 500...
Test iteration 2 passed.
Running test iteration 3 of 500...
Test iteration 3 failed, check 'failure_3.log' for details.
Running test iteration 4 of 500...
Test iteration 4 passed.
Running test iteration 5 of 500...
Test iteration 5 passed.
Running test iteration 6 of 500...
Test iteration 6 passed.
Running test iteration 7 of 500...
Test iteration 7 passed.
Running test iteration 8 of 500...
Test iteration 8 passed.
Running test iteration 9 of 500...
Test iteration 9 passed.
Running test iteration 10 of 500...
Test iteration 10 passed.
Running test iteration 11 of 500...
Test iteration 11 passed.
Running test iteration 12 of 500...
Test iteration 12 passed.
Running test iteration 13 of 500...
Test iteration 13 passed.
Running test iteration 14 of 500...
Test iteration 14 passed.
Running test iteration 15 of 500...
Test iteration 15 passed.
Running test iteration 16 of 500...
Test iteration 16 passed.
Running test iteration 17 of 500...
Test iteration 17 passed.
Running test iteration 18 of 500...
Test iteration 18 passed.
Running test iteration 19 of 500...
Test iteration 19 passed.
Running test iteration 20 of 500...
Test iteration 20 passed.
Running test iteration 21 of 500...
Test iteration 21 passed.
Running test iteration 22 of 500...
Test iteration 22 passed.
Running test iteration 23 of 500...
Test iteration 23 passed.
Running test iteration 24 of 500...
Test iteration 24 passed.
Running test iteration 25 of 500...
Test iteration 25 passed.
Running test iteration 26 of 500...
Test iteration 26 passed.
Running test iteration 27 of 500...
Test iteration 27 passed.
Running test iteration 28 of 500...
Test iteration 28 passed.
Running test iteration 29 of 500...
Test iteration 29 passed.
Running test iteration 30 of 500...
Test iteration 30 passed.
Running test iteration 31 of 500...
Test iteration 31 passed.
Running test iteration 32 of 500...
Test iteration 32 passed.
Running test iteration 33 of 500...
Test iteration 33 passed.
Running test iteration 34 of 500...
Test iteration 34 failed, check 'failure_34.log' for details.
Running test iteration 35 of 500...
Test iteration 35 passed.
Running test iteration 36 of 500...
Test iteration 36 passed.
Running test iteration 37 of 500...
Test iteration 37 passed.
Running test iteration 38 of 500...
Test iteration 38 passed.
Running test iteration 39 of 500...
Test iteration 39 passed.
Running test iteration 40 of 500...
Test iteration 40 passed.
Running test iteration 41 of 500...
Test iteration 41 passed.
Running test iteration 42 of 500...
Test iteration 42 passed.
Running test iteration 43 of 500...
Test iteration 43 failed, check 'failure_43.log' for details.
Running test iteration 44 of 500...
Test iteration 44 passed.
Running test iteration 45 of 500...
Test iteration 45 failed, check 'failure_45.log' for details.
Running test iteration 46 of 500...
Test iteration 46 passed.
Running test iteration 47 of 500...
Test iteration 47 passed.
Running test iteration 48 of 500...
Test iteration 48 failed, check 'failure_48.log' for details.
Running test iteration 49 of 500...
Test iteration 49 failed, check 'failure_49.log' for details.
Running test iteration 50 of 500...
Test iteration 50 failed, check 'failure_50.log' for details.
Running test iteration 51 of 500...
Test iteration 51 passed.
Running test iteration 52 of 500...
Test iteration 52 passed.
Running test iteration 53 of 500...
Test iteration 53 passed.
Running test iteration 54 of 500...
Test iteration 54 passed.
Running test iteration 55 of 500...
Test iteration 55 passed.
Running test iteration 56 of 500...
Test iteration 56 passed.
Running test iteration 57 of 500...
Test iteration 57 passed.
Running test iteration 58 of 500...
Test iteration 58 failed, check 'failure_58.log' for details.
Running test iteration 59 of 500...
Test iteration 59 passed.
Running test iteration 60 of 500...
Test iteration 60 passed.
Running test iteration 61 of 500...
Test iteration 61 passed.
Running test iteration 62 of 500...
Test iteration 62 passed.
Running test iteration 63 of 500...
Test iteration 63 passed.
Running test iteration 64 of 500...
Test iteration 64 failed, check 'failure_64.log' for details.
Running test iteration 65 of 500...
Test iteration 65 passed.
Running test iteration 66 of 500...
Test iteration 66 passed.
Running test iteration 67 of 500...
Test iteration 67 passed.
Running test iteration 68 of 500...
Test iteration 68 passed.
Running test iteration 69 of 500...
Test iteration 69 passed.
Running test iteration 70 of 500...
Test iteration 70 passed.
Running test iteration 71 of 500...
Test iteration 71 failed, check 'failure_71.log' for details.
Running test iteration 72 of 500...
Test iteration 72 failed, check 'failure_72.log' for details.
Running test iteration 73 of 500...
Test iteration 73 passed.
Running test iteration 74 of 500...
Test iteration 74 failed, check 'failure_74.log' for details.
Running test iteration 75 of 500...
Test iteration 75 passed.
Running test iteration 76 of 500...
Test iteration 76 passed.
Running test iteration 77 of 500...
Test iteration 77 passed.
Running test iteration 78 of 500...
Test iteration 78 passed.
Running test iteration 79 of 500...
Test iteration 79 passed.
Running test iteration 80 of 500...
Test iteration 80 passed.
Running test iteration 81 of 500...
Test iteration 81 passed.
Running test iteration 82 of 500...
Test iteration 82 failed, check 'failure_82.log' for details.
Running test iteration 83 of 500...
Test iteration 83 passed.
Running test iteration 84 of 500...
Test iteration 84 passed.
Running test iteration 85 of 500...
Test iteration 85 passed.
Running test iteration 86 of 500...
Test iteration 86 passed.
Running test iteration 87 of 500...
Test iteration 87 passed.
Running test iteration 88 of 500...
Test iteration 88 failed, check 'failure_88.log' for details.
Running test iteration 89 of 500...
Test iteration 89 passed.
Running test iteration 90 of 500...
Test iteration 90 passed.
Running test iteration 91 of 500...
Test iteration 91 passed.
Running test iteration 92 of 500...
Test iteration 92 passed.
Running test iteration 93 of 500...
Test iteration 93 passed.
Running test iteration 94 of 500...
Test iteration 94 passed.
Running test iteration 95 of 500...
Test iteration 95 passed.
Running test iteration 96 of 500...
Test iteration 96 passed.
Running test iteration 97 of 500...
Test iteration 97 passed.
Running test iteration 98 of 500...
Test iteration 98 passed.
Running test iteration 99 of 500...
Test iteration 99 passed.
Running test iteration 100 of 500...
Test iteration 100 passed.
Running test iteration 101 of 500...
Test iteration 101 passed.
Running test iteration 102 of 500...
Test iteration 102 passed.
Running test iteration 103 of 500...
Test iteration 103 passed.
Running test iteration 104 of 500...
Test iteration 104 passed.
Running test iteration 105 of 500...
Test iteration 105 passed.
Running test iteration 106 of 500...
Test iteration 106 passed.
Running test iteration 107 of 500...
Test iteration 107 passed.
Running test iteration 108 of 500...
Test iteration 108 passed.
Running test iteration 109 of 500...
Test iteration 109 passed.
Running test iteration 110 of 500...
Test iteration 110 passed.
Running test iteration 111 of 500...
Test iteration 111 passed.
Running test iteration 112 of 500...
Test iteration 112 passed.
Running test iteration 113 of 500...
Test iteration 113 passed.
Running test iteration 114 of 500...
Test iteration 114 passed.
Running test iteration 115 of 500...
Test iteration 115 passed.
Running test iteration 116 of 500...
Test iteration 116 passed.
Running test iteration 117 of 500...
Test iteration 117 passed.
Running test iteration 118 of 500...
Test iteration 118 passed.
Running test iteration 119 of 500...
Test iteration 119 passed.
Running test iteration 120 of 500...
Test iteration 120 passed.
Running test iteration 121 of 500...
Test iteration 121 passed.
Running test iteration 122 of 500...
Test iteration 122 passed.
Running test iteration 123 of 500...
Test iteration 123 passed.
Running test iteration 124 of 500...
Test iteration 124 passed.
Running test iteration 125 of 500...
Test iteration 125 passed.
Running test iteration 126 of 500...
Test iteration 126 passed.
Running test iteration 127 of 500...
Test iteration 127 passed.
Running test iteration 128 of 500...
Test iteration 128 passed.
Running test iteration 129 of 500...
Test iteration 129 passed.
Running test iteration 130 of 500...
Test iteration 130 failed, check 'failure_130.log' for details.
Running test iteration 131 of 500...
Test iteration 131 passed.
Running test iteration 132 of 500...
Test iteration 132 passed.
Running test iteration 133 of 500...
Test iteration 133 passed.
Running test iteration 134 of 500...
Test iteration 134 passed.
Running test iteration 135 of 500...
Test iteration 135 passed.
Running test iteration 136 of 500...
Test iteration 136 passed.
Running test iteration 137 of 500...
Test iteration 137 passed.
Running test iteration 138 of 500...
Test iteration 138 passed.
Running test iteration 139 of 500...
Test iteration 139 passed.
Running test iteration 140 of 500...
Test iteration 140 passed.
Running test iteration 141 of 500...
Test iteration 141 passed.
Running test iteration 142 of 500...
Test iteration 142 passed.
Running test iteration 143 of 500...
Test iteration 143 passed.
Running test iteration 144 of 500...
Test iteration 144 passed.
Running test iteration 145 of 500...
Test iteration 145 passed.
Running test iteration 146 of 500...
Test iteration 146 passed.
Running test iteration 147 of 500...
Test iteration 147 failed, check 'failure_147.log' for details.
Running test iteration 148 of 500...
Test iteration 148 passed.
Running test iteration 149 of 500...
Test iteration 149 passed.
Running test iteration 150 of 500...
Test iteration 150 passed.
Running test iteration 151 of 500...
Test iteration 151 passed.
Running test iteration 152 of 500...
Test iteration 152 passed.
Running test iteration 153 of 500...
Test iteration 153 failed, check 'failure_153.log' for details.
Running test iteration 154 of 500...
Test iteration 154 passed.
Running test iteration 155 of 500...
Test iteration 155 passed.
Running test iteration 156 of 500...
Test iteration 156 passed.
Running test iteration 157 of 500...
Test iteration 157 passed.
Running test iteration 158 of 500...
Test iteration 158 passed.
Running test iteration 159 of 500...
Test iteration 159 passed.
Running test iteration 160 of 500...
Test iteration 160 passed.
Running test iteration 161 of 500...
Test iteration 161 passed.
Running test iteration 162 of 500...
Test iteration 162 passed.
Running test iteration 163 of 500...
Test iteration 163 passed.
Running test iteration 164 of 500...
Test iteration 164 passed.
Running test iteration 165 of 500...
Test iteration 165 passed.
Running test iteration 166 of 500...
Test iteration 166 passed.
Running test iteration 167 of 500...
Test iteration 167 passed.
Running test iteration 168 of 500...
Test iteration 168 failed, check 'failure_168.log' for details.
Running test iteration 169 of 500...
Test iteration 169 passed.
Running test iteration 170 of 500...
Test iteration 170 passed.
Running test iteration 171 of 500...
Test iteration 171 passed.
Running test iteration 172 of 500...
Test iteration 172 passed.
Running test iteration 173 of 500...
Test iteration 173 passed.
Running test iteration 174 of 500...
Test iteration 174 passed.
Running test iteration 175 of 500...
Test iteration 175 passed.
Running test iteration 176 of 500...
Test iteration 176 passed.
Running test iteration 177 of 500...
Test iteration 177 passed.
Running test iteration 178 of 500...
Test iteration 178 passed.
Running test iteration 179 of 500...
Test iteration 179 passed.
Running test iteration 180 of 500...
Test iteration 180 passed.
Running test iteration 181 of 500...
Test iteration 181 passed.
Running test iteration 182 of 500...
Test iteration 182 passed.
Running test iteration 183 of 500...
Test iteration 183 failed, check 'failure_183.log' for details.
Running test iteration 184 of 500...
Test iteration 184 passed.
Running test iteration 185 of 500...
Test iteration 185 passed.
Running test iteration 186 of 500...
Test iteration 186 passed.
Running test iteration 187 of 500...
Test iteration 187 passed.
Running test iteration 188 of 500...
Test iteration 188 passed.
Running test iteration 189 of 500...
Test iteration 189 passed.
Running test iteration 190 of 500...
Test iteration 190 passed.
Running test iteration 191 of 500...
Test iteration 191 failed, check 'failure_191.log' for details.
Running test iteration 192 of 500...
Test iteration 192 passed.
Running test iteration 193 of 500...
Test iteration 193 passed.
Running test iteration 194 of 500...
Test iteration 194 passed.
Running test iteration 195 of 500...
Test iteration 195 passed.
Running test iteration 196 of 500...
Test iteration 196 passed.
Running test iteration 197 of 500...
Test iteration 197 passed.
Running test iteration 198 of 500...
Test iteration 198 passed.
Running test iteration 199 of 500...
Test iteration 199 passed.
Running test iteration 200 of 500...
Test iteration 200 passed.
Running test iteration 201 of 500...
Test iteration 201 passed.
Running test iteration 202 of 500...
Test iteration 202 passed.
Running test iteration 203 of 500...
Test iteration 203 passed.
Running test iteration 204 of 500...
Test iteration 204 passed.
Running test iteration 205 of 500...
Test iteration 205 passed.
Running test iteration 206 of 500...
Test iteration 206 passed.
Running test iteration 207 of 500...
Test iteration 207 passed.
Running test iteration 208 of 500...
Test iteration 208 passed.
Running test iteration 209 of 500...
Test iteration 209 passed.
Running test iteration 210 of 500...
Test iteration 210 passed.
Running test iteration 211 of 500...
Test iteration 211 passed.
Running test iteration 212 of 500...
Test iteration 212 passed.
Running test iteration 213 of 500...
Test iteration 213 passed.
Running test iteration 214 of 500...
Test iteration 214 passed.
Running test iteration 215 of 500...
Test iteration 215 passed.
Running test iteration 216 of 500...
Test iteration 216 passed.
Running test iteration 217 of 500...
Test iteration 217 passed.
Running test iteration 218 of 500...
Test iteration 218 passed.
Running test iteration 219 of 500...
Test iteration 219 passed.
Running test iteration 220 of 500...
Test iteration 220 passed.
Running test iteration 221 of 500...
Test iteration 221 passed.
Running test iteration 222 of 500...
Test iteration 222 failed, check 'failure_222.log' for details.
Running test iteration 223 of 500...
Test iteration 223 passed.
Running test iteration 224 of 500...
Test iteration 224 passed.
Running test iteration 225 of 500...
Test iteration 225 passed.
Running test iteration 226 of 500...
Test iteration 226 passed.
Running test iteration 227 of 500...
Test iteration 227 passed.
Running test iteration 228 of 500...
Test iteration 228 passed.
Running test iteration 229 of 500...
Test iteration 229 passed.
Running test iteration 230 of 500...
Test iteration 230 passed.
Running test iteration 231 of 500...
Test iteration 231 passed.
Running test iteration 232 of 500...
Test iteration 232 passed.
Running test iteration 233 of 500...
Test iteration 233 passed.
Running test iteration 234 of 500...
Test iteration 234 passed.
Running test iteration 235 of 500...
Test iteration 235 passed.
Running test iteration 236 of 500...
Test iteration 236 passed.
Running test iteration 237 of 500...
Test iteration 237 passed.
Running test iteration 238 of 500...
Test iteration 238 passed.
Running test iteration 239 of 500...
Test iteration 239 passed.
Running test iteration 240 of 500...
Test iteration 240 passed.
Running test iteration 241 of 500...
Test iteration 241 passed.
Running test iteration 242 of 500...
Test iteration 242 passed.
Running test iteration 243 of 500...
Test iteration 243 passed.
Running test iteration 244 of 500...
Test iteration 244 passed.
Running test iteration 245 of 500...
Test iteration 245 passed.
Running test iteration 246 of 500...
Test iteration 246 passed.
Running test iteration 247 of 500...
Test iteration 247 passed.
Running test iteration 248 of 500...
Test iteration 248 passed.
Running test iteration 249 of 500...
Test iteration 249 passed.
Running test iteration 250 of 500...
Test iteration 250 passed.
Running test iteration 251 of 500...
Test iteration 251 passed.
Running test iteration 252 of 500...
Test iteration 252 passed.
Running test iteration 253 of 500...
Test iteration 253 passed.
Running test iteration 254 of 500...
Test iteration 254 passed.
Running test iteration 255 of 500...
Test iteration 255 passed.
Running test iteration 256 of 500...
Test iteration 256 passed.
Running test iteration 257 of 500...
Test iteration 257 passed.
Running test iteration 258 of 500...
Test iteration 258 passed.
Running test iteration 259 of 500...
Test iteration 259 passed.
Running test iteration 260 of 500...
Test iteration 260 passed.
Running test iteration 261 of 500...
Test iteration 261 passed.
Running test iteration 262 of 500...
Test iteration 262 passed.
Running test iteration 263 of 500...
Test iteration 263 passed.
Running test iteration 264 of 500...
Test iteration 264 passed.
Running test iteration 265 of 500...
Test iteration 265 passed.
Running test iteration 266 of 500...
Test iteration 266 passed.
Running test iteration 267 of 500...
Test iteration 267 passed.
Running test iteration 268 of 500...
Test iteration 268 passed.
Running test iteration 269 of 500...
Test iteration 269 passed.
Running test iteration 270 of 500...
Test iteration 270 passed.
Running test iteration 271 of 500...
Test iteration 271 passed.
Running test iteration 272 of 500...
Test iteration 272 passed.
Running test iteration 273 of 500...
Test iteration 273 passed.
Running test iteration 274 of 500...
Test iteration 274 passed.
Running test iteration 275 of 500...
Test iteration 275 passed.
Running test iteration 276 of 500...
Test iteration 276 failed, check 'failure_276.log' for details.
Running test iteration 277 of 500...
Test iteration 277 passed.
Running test iteration 278 of 500...
Test iteration 278 passed.
Running test iteration 279 of 500...
Test iteration 279 passed.
Running test iteration 280 of 500...
Test iteration 280 passed.
Running test iteration 281 of 500...
Test iteration 281 passed.
Running test iteration 282 of 500...
Test iteration 282 passed.
Running test iteration 283 of 500...
Test iteration 283 passed.
Running test iteration 284 of 500...
Test iteration 284 passed.
Running test iteration 285 of 500...
Test iteration 285 passed.
Running test iteration 286 of 500...
Test iteration 286 passed.
Running test iteration 287 of 500...
Test iteration 287 passed.
Running test iteration 288 of 500...
Test iteration 288 passed.
Running test iteration 289 of 500...
Test iteration 289 passed.
Running test iteration 290 of 500...
Test iteration 290 passed.
Running test iteration 291 of 500...
Test iteration 291 passed.
Running test iteration 292 of 500...
Test iteration 292 passed.
Running test iteration 293 of 500...
Test iteration 293 passed.
Running test iteration 294 of 500...
Test iteration 294 passed.
Running test iteration 295 of 500...
Test iteration 295 passed.
Running test iteration 296 of 500...
Test iteration 296 passed.
Running test iteration 297 of 500...
Test iteration 297 passed.
Running test iteration 298 of 500...
Test iteration 298 passed.
Running test iteration 299 of 500...
Test iteration 299 passed.
Running test iteration 300 of 500...
Test iteration 300 passed.
Running test iteration 301 of 500...
Test iteration 301 passed.
Running test iteration 302 of 500...
Test iteration 302 passed.
Running test iteration 303 of 500...
Test iteration 303 passed.
Running test iteration 304 of 500...
Test iteration 304 passed.
Running test iteration 305 of 500...
Test iteration 305 passed.
Running test iteration 306 of 500...
Test iteration 306 passed.
Running test iteration 307 of 500...
Test iteration 307 passed.
Running test iteration 308 of 500...
Test iteration 308 passed.
Running test iteration 309 of 500...
Test iteration 309 passed.
Running test iteration 310 of 500...
Test iteration 310 passed.
Running test iteration 311 of 500...
Test iteration 311 passed.
Running test iteration 312 of 500...
Test iteration 312 passed.
Running test iteration 313 of 500...
Test iteration 313 passed.
Running test iteration 314 of 500...
Test iteration 314 passed.
Running test iteration 315 of 500...
Test iteration 315 passed.
Running test iteration 316 of 500...
Test iteration 316 passed.
Running test iteration 317 of 500...
Test iteration 317 passed.
Running test iteration 318 of 500...
Test iteration 318 failed, check 'failure_318.log' for details.
Running test iteration 319 of 500...
Test iteration 319 passed.
Running test iteration 320 of 500...
Test iteration 320 passed.
Running test iteration 321 of 500...
Test iteration 321 passed.
Running test iteration 322 of 500...
Test iteration 322 passed.
Running test iteration 323 of 500...
Test iteration 323 passed.
Running test iteration 324 of 500...
Test iteration 324 passed.
Running test iteration 325 of 500...
Test iteration 325 passed.
Running test iteration 326 of 500...
Test iteration 326 passed.
Running test iteration 327 of 500...
Test iteration 327 passed.
Running test iteration 328 of 500...
Test iteration 328 passed.
Running test iteration 329 of 500...
Test iteration 329 passed.
Running test iteration 330 of 500...
Test iteration 330 passed.
Running test iteration 331 of 500...
Test iteration 331 passed.
Running test iteration 332 of 500...
Test iteration 332 passed.
Running test iteration 333 of 500...
Test iteration 333 passed.
Running test iteration 334 of 500...
Test iteration 334 passed.
Running test iteration 335 of 500...
Test iteration 335 passed.
Running test iteration 336 of 500...
Test iteration 336 passed.
Running test iteration 337 of 500...
Test iteration 337 passed.
Running test iteration 338 of 500...
Test iteration 338 passed.
Running test iteration 339 of 500...
Test iteration 339 passed.
Running test iteration 340 of 500...
Test iteration 340 passed.
Running test iteration 341 of 500...
Test iteration 341 passed.
Running test iteration 342 of 500...
Test iteration 342 passed.
Running test iteration 343 of 500...
Test iteration 343 passed.
Running test iteration 344 of 500...
Test iteration 344 passed.
Running test iteration 345 of 500...
Test iteration 345 passed.
Running test iteration 346 of 500...
Test iteration 346 passed.
Running test iteration 347 of 500...
Test iteration 347 passed.
Running test iteration 348 of 500...
Test iteration 348 passed.
Running test iteration 349 of 500...
Test iteration 349 passed.
Running test iteration 350 of 500...
Test iteration 350 passed.
Running test iteration 351 of 500...
Test iteration 351 passed.
Running test iteration 352 of 500...
Test iteration 352 passed.
Running test iteration 353 of 500...
Test iteration 353 failed, check 'failure_353.log' for details.
Running test iteration 354 of 500...
Test iteration 354 failed, check 'failure_354.log' for details.
Running test iteration 355 of 500...
Test iteration 355 passed.
Running test iteration 356 of 500...
Test iteration 356 passed.
Running test iteration 357 of 500...
Test iteration 357 passed.
Running test iteration 358 of 500...
Test iteration 358 passed.
Running test iteration 359 of 500...
Test iteration 359 passed.
Running test iteration 360 of 500...
Test iteration 360 passed.
Running test iteration 361 of 500...
Test iteration 361 passed.
Running test iteration 362 of 500...
Test iteration 362 passed.
Running test iteration 363 of 500...
Test iteration 363 passed.
Running test iteration 364 of 500...
Test iteration 364 failed, check 'failure_364.log' for details.
Running test iteration 365 of 500...
Test iteration 365 passed.
Running test iteration 366 of 500...
Test iteration 366 passed.
Running test iteration 367 of 500...
Test iteration 367 failed, check 'failure_367.log' for details.
Running test iteration 368 of 500...
Test iteration 368 passed.
Running test iteration 369 of 500...
Test iteration 369 passed.
Running test iteration 370 of 500...
Test iteration 370 passed.
Running test iteration 371 of 500...
Test iteration 371 passed.
Running test iteration 372 of 500...
Test iteration 372 passed.
Running test iteration 373 of 500...
Test iteration 373 passed.
Running test iteration 374 of 500...
Test iteration 374 passed.
Running test iteration 375 of 500...
Test iteration 375 passed.
Running test iteration 376 of 500...
Test iteration 376 passed.
Running test iteration 377 of 500...
Test iteration 377 passed.
Running test iteration 378 of 500...
Test iteration 378 passed.
Running test iteration 379 of 500...
Test iteration 379 passed.
Running test iteration 380 of 500...
Test iteration 380 passed.
Running test iteration 381 of 500...
Test iteration 381 failed, check 'failure_381.log' for details.
Running test iteration 382 of 500...
Test iteration 382 passed.
Running test iteration 383 of 500...
Test iteration 383 passed.
Running test iteration 384 of 500...
Test iteration 384 passed.
Running test iteration 385 of 500...
Test iteration 385 passed.
Running test iteration 386 of 500...
Test iteration 386 failed, check 'failure_386.log' for details.
Running test iteration 387 of 500...
Test iteration 387 passed.
Running test iteration 388 of 500...
Test iteration 388 passed.
Running test iteration 389 of 500...
Test iteration 389 passed.
Running test iteration 390 of 500...
Test iteration 390 passed.
Running test iteration 391 of 500...
Test iteration 391 passed.
Running test iteration 392 of 500...
Test iteration 392 passed.
Running test iteration 393 of 500...
Test iteration 393 passed.
Running test iteration 394 of 500...
Test iteration 394 passed.
Running test iteration 395 of 500...
Test iteration 395 passed.
Running test iteration 396 of 500...
Test iteration 396 passed.
Running test iteration 397 of 500...
Test iteration 397 passed.
Running test iteration 398 of 500...
Test iteration 398 passed.
Running test iteration 399 of 500...
Test iteration 399 passed.
Running test iteration 400 of 500...
Test iteration 400 passed.
Running test iteration 401 of 500...
Test iteration 401 passed.
Running test iteration 402 of 500...
Test iteration 402 passed.
Running test iteration 403 of 500...
Test iteration 403 passed.
Running test iteration 404 of 500...
Test iteration 404 passed.
Running test iteration 405 of 500...
Test iteration 405 passed.
Running test iteration 406 of 500...
Test iteration 406 passed.
Running test iteration 407 of 500...
Test iteration 407 passed.
Running test iteration 408 of 500...
Test iteration 408 passed.
Running test iteration 409 of 500...
Test iteration 409 passed.
Running test iteration 410 of 500...
Test iteration 410 passed.
Running test iteration 411 of 500...
Test iteration 411 passed.
Running test iteration 412 of 500...
Test iteration 412 passed.
Running test iteration 413 of 500...
Test iteration 413 passed.
Running test iteration 414 of 500...
Test iteration 414 passed.
Running test iteration 415 of 500...
Test iteration 415 passed.
Running test iteration 416 of 500...
Test iteration 416 passed.
Running test iteration 417 of 500...
Test iteration 417 passed.
Running test iteration 418 of 500...
Test iteration 418 passed.
Running test iteration 419 of 500...
Test iteration 419 failed, check 'failure_419.log' for details.
Running test iteration 420 of 500...
Test iteration 420 passed.
Running test iteration 421 of 500...
Test iteration 421 passed.
Running test iteration 422 of 500...
Test iteration 422 passed.
Running test iteration 423 of 500...
Test iteration 423 passed.
Running test iteration 424 of 500...
Test iteration 424 passed.
Running test iteration 425 of 500...
Test iteration 425 passed.
Running test iteration 426 of 500...
Test iteration 426 passed.
Running test iteration 427 of 500...
Test iteration 427 passed.
Running test iteration 428 of 500...
Test iteration 428 passed.
Running test iteration 429 of 500...
Test iteration 429 passed.
Running test iteration 430 of 500...
Test iteration 430 passed.
Running test iteration 431 of 500...
Test iteration 431 passed.
Running test iteration 432 of 500...
Test iteration 432 passed.
Running test iteration 433 of 500...
Test iteration 433 passed.
Running test iteration 434 of 500...
Test iteration 434 passed.
Running test iteration 435 of 500...
Test iteration 435 passed.
Running test iteration 436 of 500...
Test iteration 436 passed.
Running test iteration 437 of 500...
Test iteration 437 passed.
Running test iteration 438 of 500...
Test iteration 438 passed.
Running test iteration 439 of 500...
Test iteration 439 passed.
Running test iteration 440 of 500...
Test iteration 440 failed, check 'failure_440.log' for details.
Running test iteration 441 of 500...
Test iteration 441 passed.
Running test iteration 442 of 500...
Test iteration 442 passed.
Running test iteration 443 of 500...
Test iteration 443 passed.
Running test iteration 444 of 500...
Test iteration 444 passed.
Running test iteration 445 of 500...
Test iteration 445 passed.
Running test iteration 446 of 500...
Test iteration 446 passed.
Running test iteration 447 of 500...
Test iteration 447 passed.
Running test iteration 448 of 500...
Test iteration 448 passed.
Running test iteration 449 of 500...
Test iteration 449 passed.
Running test iteration 450 of 500...
Test iteration 450 passed.
Running test iteration 451 of 500...
Test iteration 451 passed.
Running test iteration 452 of 500...
Test iteration 452 passed.
Running test iteration 453 of 500...
Test iteration 453 passed.
Running test iteration 454 of 500...
Test iteration 454 passed.
Running test iteration 455 of 500...
Test iteration 455 passed.
Running test iteration 456 of 500...
Test iteration 456 passed.
Running test iteration 457 of 500...
Test iteration 457 failed, check 'failure_457.log' for details.
Running test iteration 458 of 500...
Test iteration 458 passed.
Running test iteration 459 of 500...
Test iteration 459 passed.
Running test iteration 460 of 500...
Test iteration 460 passed.
Running test iteration 461 of 500...
Test iteration 461 failed, check 'failure_461.log' for details.
Running test iteration 462 of 500...
Test iteration 462 passed.
Running test iteration 463 of 500...
Test iteration 463 failed, check 'failure_463.log' for details.
Running test iteration 464 of 500...
Test iteration 464 passed.
Running test iteration 465 of 500...
Test iteration 465 passed.
Running test iteration 466 of 500...
Test iteration 466 passed.
Running test iteration 467 of 500...
Test iteration 467 passed.
Running test iteration 468 of 500...
Test iteration 468 passed.
Running test iteration 469 of 500...
Test iteration 469 passed.
Running test iteration 470 of 500...
Test iteration 470 passed.
Running test iteration 471 of 500...
Test iteration 471 passed.
Running test iteration 472 of 500...
Test iteration 472 passed.
Running test iteration 473 of 500...
Test iteration 473 failed, check 'failure_473.log' for details.
Running test iteration 474 of 500...
Test iteration 474 passed.
Running test iteration 475 of 500...
Test iteration 475 passed.
Running test iteration 476 of 500...
Test iteration 476 passed.
Running test iteration 477 of 500...
Test iteration 477 passed.
Running test iteration 478 of 500...
Test iteration 478 passed.
Running test iteration 479 of 500...
Test iteration 479 passed.
Running test iteration 480 of 500...
Test iteration 480 passed.
Running test iteration 481 of 500...
Test iteration 481 passed.
Running test iteration 482 of 500...
Test iteration 482 passed.
Running test iteration 483 of 500...
Test iteration 483 passed.
Running test iteration 484 of 500...
Test iteration 484 passed.
Running test iteration 485 of 500...
Test iteration 485 passed.
Running test iteration 486 of 500...
Test iteration 486 passed.
Running test iteration 487 of 500...
Test iteration 487 failed, check 'failure_487.log' for details.
Running test iteration 488 of 500...
Test iteration 488 passed.
Running test iteration 489 of 500...
Test iteration 489 passed.
Running test iteration 490 of 500...
Test iteration 490 passed.
Running test iteration 491 of 500...
Test iteration 491 passed.
Running test iteration 492 of 500...
Test iteration 492 passed.
Running test iteration 493 of 500...
Test iteration 493 passed.
Running test iteration 494 of 500...
Test iteration 494 passed.
Running test iteration 495 of 500...
Test iteration 495 passed.
Running test iteration 496 of 500...
Test iteration 496 failed, check 'failure_496.log' for details.
Running test iteration 497 of 500...
Test iteration 497 passed.
Running test iteration 498 of 500...
Test iteration 498 passed.
Running test iteration 499 of 500...
Test iteration 499 passed.
Running test iteration 500 of 500...
Test iteration 500 passed.
Testing completed: 500 iterations run.
Successes: 463
Failures: 37
Running test iteration 1 of 50...
Test iteration 1 passed.
Running test iteration 2 of 50...
Test iteration 2 passed.
Running test iteration 3 of 50...
Test iteration 3 passed.
Running test iteration 4 of 50...
Test iteration 4 passed.
Running test iteration 5 of 50...
Test iteration 5 passed.
Running test iteration 6 of 50...
Test iteration 6 passed.
Running test iteration 7 of 50...
Test iteration 7 failed, check 'failure_7.log' for details.
Running test iteration 8 of 50...
Test iteration 8 failed, check 'failure_8.log' for details.
Running test iteration 9 of 50...
Test iteration 9 failed, check 'failure_9.log' for details.
Running test iteration 10 of 50...
Test iteration 10 failed, check 'failure_10.log' for details.
Running test iteration 11 of 50...
Test iteration 11 failed, check 'failure_11.log' for details.
Running test iteration 12 of 50...
Test iteration 12 failed, check 'failure_12.log' for details.
Running test iteration 13 of 50...
Test iteration 13 failed, check 'failure_13.log' for details.
Running test iteration 14 of 50...
Test iteration 14 failed, check 'failure_14.log' for details.
Running test iteration 15 of 50...
Test iteration 15 failed, check 'failure_15.log' for details.
Running test iteration 16 of 50...
Test iteration 16 failed, check 'failure_16.log' for details.
Running test iteration 17 of 50...
Test iteration 17 failed, check 'failure_17.log' for details.
Running test iteration 18 of 50...
Test iteration 18 failed, check 'failure_18.log' for details.
Running test iteration 19 of 50...
Test iteration 19 failed, check 'failure_19.log' for details.
Running test iteration 20 of 50...
Test iteration 20 failed, check 'failure_20.log' for details.
Running test iteration 21 of 50...
Test iteration 21 failed, check 'failure_21.log' for details.
Running test iteration 22 of 50...
Test iteration 22 failed, check 'failure_22.log' for details.
Running test iteration 23 of 50...
Test iteration 23 failed, check 'failure_23.log' for details.
Running test iteration 24 of 50...
Test iteration 24 failed, check 'failure_24.log' for details.
Running test iteration 25 of 50...
Test iteration 25 failed, check 'failure_25.log' for details.
Running test iteration 26 of 50...
Test iteration 26 failed, check 'failure_26.log' for details.
Running test iteration 27 of 50...
Test iteration 27 failed, check 'failure_27.log' for details.
Running test iteration 28 of 50...
Test iteration 28 failed, check 'failure_28.log' for details.
Running test iteration 29 of 50...
Test iteration 29 failed, check 'failure_29.log' for details.
Running test iteration 30 of 50...
Test iteration 30 failed, check 'failure_30.log' for details.
Running test iteration 31 of 50...
Test iteration 31 failed, check 'failure_31.log' for details.
Running test iteration 32 of 50...
Test iteration 32 failed, check 'failure_32.log' for details.
Running test iteration 33 of 50...
Test iteration 33 failed, check 'failure_33.log' for details.
Running test iteration 34 of 50...
Test iteration 34 failed, check 'failure_34.log' for details.
Running test iteration 35 of 50...
Test iteration 35 failed, check 'failure_35.log' for details.
Running test iteration 36 of 50...
Test iteration 36 failed, check 'failure_36.log' for details.
Running test iteration 37 of 50...
Test iteration 37 failed, check 'failure_37.log' for details.
Running test iteration 38 of 50...
Test iteration 38 failed, check 'failure_38.log' for details.
Running test iteration 39 of 50...
Test iteration 39 failed, check 'failure_39.log' for details.
Running test iteration 40 of 50...
Test iteration 40 failed, check 'failure_40.log' for details.
Running test iteration 41 of 50...
Test iteration 41 failed, check 'failure_41.log' for details.
Running test iteration 42 of 50...
Test iteration 42 failed, check 'failure_42.log' for details.
Running test iteration 43 of 50...
Test iteration 43 failed, check 'failure_43.log' for details.
Running test iteration 44 of 50...
Test iteration 44 failed, check 'failure_44.log' for details.
Running test iteration 45 of 50...
Test iteration 45 failed, check 'failure_45.log' for details.
Running test iteration 46 of 50...
Test iteration 46 failed, check 'failure_46.log' for details.
Running test iteration 47 of 50...
Test iteration 47 failed, check 'failure_47.log' for details.
Running test iteration 48 of 50...
Test iteration 48 failed, check 'failure_48.log' for details.
Running test iteration 49 of 50...
Test iteration 49 failed, check 'failure_49.log' for details.
Running test iteration 50 of 50...
Test iteration 50 failed, check 'failure_50.log' for details.
Testing completed: 50 iterations run.
Successes: 6
Failures: 44
Running test iteration 1 of 500...
Test iteration 1 passed.
Running test iteration 2 of 500...
Test iteration 2 passed.
Running test iteration 3 of 500...
Test iteration 3 passed.
Running test iteration 4 of 500...
Test iteration 4 passed.
Running test iteration 5 of 500...
Test iteration 5 passed.
Running test iteration 6 of 500...
Test iteration 6 passed.
Running test iteration 7 of 500...
Test iteration 7 passed.
Running test iteration 8 of 500...
Test iteration 8 passed.
Running test iteration 9 of 500...
Test iteration 9 passed.
Running test iteration 10 of 500...
Test iteration 10 passed.
Running test iteration 11 of 500...
Test iteration 11 passed.
Running test iteration 12 of 500...
Test iteration 12 passed.
Running test iteration 13 of 500...
Test iteration 13 passed.
Running test iteration 14 of 500...
Test iteration 14 passed.
Running test iteration 15 of 500...
Test iteration 15 passed.
Running test iteration 16 of 500...
Test iteration 16 passed.
Running test iteration 17 of 500...
Test iteration 17 passed.
Running test iteration 18 of 500...
Test iteration 18 passed.
Running test iteration 19 of 500...
Test iteration 19 passed.
Running test iteration 20 of 500...
Test iteration 20 passed.
Running test iteration 21 of 500...
Test iteration 21 passed.
Running test iteration 22 of 500...
Test iteration 22 passed.
Running test iteration 23 of 500...
Test iteration 23 passed.
Running test iteration 24 of 500...
Test iteration 24 passed.
Running test iteration 25 of 500...
Test iteration 25 passed.
Running test iteration 26 of 500...
Test iteration 26 passed.
Running test iteration 27 of 500...
Test iteration 27 passed.
Running test iteration 28 of 500...
Test iteration 28 passed.
Running test iteration 29 of 500...
Test iteration 29 passed.
Running test iteration 30 of 500...
Test iteration 30 passed.
Running test iteration 31 of 500...
Test iteration 31 passed.
Running test iteration 32 of 500...
Test iteration 32 passed.
Running test iteration 33 of 500...
Test iteration 33 passed.
Running test iteration 34 of 500...
Test iteration 34 passed.
Running test iteration 35 of 500...
Test iteration 35 passed.
Running test iteration 36 of 500...
Test iteration 36 passed.
Running test iteration 37 of 500...
Test iteration 37 passed.
Running test iteration 38 of 500...
Test iteration 38 passed.
Running test iteration 39 of 500...
Test iteration 39 passed.
Running test iteration 40 of 500...
Test iteration 40 passed.
Running test iteration 41 of 500...
Test iteration 41 passed.
Running test iteration 42 of 500...
Test iteration 42 passed.
Running test iteration 43 of 500...
Test iteration 43 passed.
Running test iteration 44 of 500...
Test iteration 44 passed.
Running test iteration 45 of 500...
Test iteration 45 passed.
Running test iteration 46 of 500...
Test iteration 46 passed.
Running test iteration 47 of 500...
Test iteration 47 passed.
Running test iteration 48 of 500...
Test iteration 48 passed.
Running test iteration 49 of 500...
Test iteration 49 passed.
Running test iteration 50 of 500...
Test iteration 50 passed.
Running test iteration 51 of 500...
Test iteration 51 passed.
Running test iteration 52 of 500...
Test iteration 52 passed.
Running test iteration 53 of 500...
Test iteration 53 passed.
Running test iteration 54 of 500...
Test iteration 54 passed.
Running test iteration 55 of 500...
Test iteration 55 passed.
Running test iteration 56 of 500...
Test iteration 56 passed.
Running test iteration 57 of 500...
Test iteration 57 passed.
Running test iteration 58 of 500...
Test iteration 58 passed.
Running test iteration 59 of 500...
Test iteration 59 passed.
Running test iteration 60 of 500...
Test iteration 60 passed.
Running test iteration 61 of 500...
Test iteration 61 passed.
Running test iteration 62 of 500...
Test iteration 62 passed.
Running test iteration 63 of 500...
Test iteration 63 passed.
Running test iteration 64 of 500...
Test iteration 64 passed.
Running test iteration 65 of 500...
Test iteration 65 passed.
Running test iteration 66 of 500...
Test iteration 66 passed.
Running test iteration 67 of 500...
Test iteration 67 passed.
Running test iteration 68 of 500...
Test iteration 68 passed.
Running test iteration 69 of 500...
Test iteration 69 passed.
Running test iteration 70 of 500...
Test iteration 70 passed.
Running test iteration 71 of 500...
Test iteration 71 passed.
Running test iteration 72 of 500...
Test iteration 72 passed.
Running test iteration 73 of 500...
Test iteration 73 passed.
Running test iteration 74 of 500...
Test iteration 74 passed.
Running test iteration 75 of 500...
Test iteration 75 passed.
Running test iteration 76 of 500...
Test iteration 76 passed.
Running test iteration 77 of 500...
Test iteration 77 passed.
Running test iteration 78 of 500...
Test iteration 78 passed.
Running test iteration 79 of 500...
Test iteration 79 passed.
Running test iteration 80 of 500...
Test iteration 80 passed.
Running test iteration 81 of 500...
Test iteration 81 passed.
Running test iteration 82 of 500...
Test iteration 82 passed.
Running test iteration 83 of 500...
Test iteration 83 passed.
Running test iteration 84 of 500...
Test iteration 84 passed.
Running test iteration 85 of 500...
Test iteration 85 passed.
Running test iteration 86 of 500...
Test iteration 86 passed.
Running test iteration 87 of 500...
Test iteration 87 passed.
Running test iteration 88 of 500...
Test iteration 88 passed.
Running test iteration 89 of 500...
Test iteration 89 passed.
Running test iteration 90 of 500...
Test iteration 90 passed.
Running test iteration 91 of 500...
Test iteration 91 passed.
Running test iteration 92 of 500...
Test iteration 92 passed.
Running test iteration 93 of 500...
Test iteration 93 passed.
Running test iteration 94 of 500...
Test iteration 94 passed.
Running test iteration 95 of 500...
Test iteration 95 passed.
Running test iteration 96 of 500...
Test iteration 96 passed.
Running test iteration 97 of 500...
Test iteration 97 passed.
Running test iteration 98 of 500...
Test iteration 98 passed.
Running test iteration 99 of 500...
Test iteration 99 passed.
Running test iteration 100 of 500...
Test iteration 100 passed.
Running test iteration 101 of 500...
Test iteration 101 passed.
Running test iteration 102 of 500...
Test iteration 102 passed.
Running test iteration 103 of 500...
Test iteration 103 passed.
Running test iteration 104 of 500...
Test iteration 104 passed.
Running test iteration 105 of 500...
Test iteration 105 passed.
Running test iteration 106 of 500...
Test iteration 106 passed.
Running test iteration 107 of 500...
Test iteration 107 passed.
Running test iteration 108 of 500...
Test iteration 108 passed.
Running test iteration 109 of 500...
Test iteration 109 passed.
Running test iteration 110 of 500...
Test iteration 110 passed.
Running test iteration 111 of 500...
Test iteration 111 passed.
Running test iteration 112 of 500...
Test iteration 112 passed.
Running test iteration 113 of 500...
Test iteration 113 passed.
Running test iteration 114 of 500...
Test iteration 114 passed.
Running test iteration 115 of 500...
Test iteration 115 passed.
Running test iteration 116 of 500...
Test iteration 116 passed.
Running test iteration 117 of 500...
Test iteration 117 passed.
Running test iteration 118 of 500...
Test iteration 118 passed.
Running test iteration 119 of 500...
Test iteration 119 passed.
Running test iteration 120 of 500...
Test iteration 120 passed.
Running test iteration 121 of 500...
Test iteration 121 passed.
Running test iteration 122 of 500...
Test iteration 122 passed.
Running test iteration 123 of 500...
Test iteration 123 passed.
Running test iteration 124 of 500...
Test iteration 124 passed.
Running test iteration 125 of 500...
Test iteration 125 passed.
Running test iteration 126 of 500...
Test iteration 126 passed.
Running test iteration 127 of 500...
Test iteration 127 passed.
Running test iteration 128 of 500...
Test iteration 128 passed.
Running test iteration 129 of 500...
Test iteration 129 passed.
Running test iteration 130 of 500...
Test iteration 130 passed.
Running test iteration 131 of 500...
Test iteration 131 passed.
Running test iteration 132 of 500...
Test iteration 132 passed.
Running test iteration 133 of 500...
Test iteration 133 passed.
Running test iteration 134 of 500...
Test iteration 134 passed.
Running test iteration 135 of 500...
Test iteration 135 passed.
Running test iteration 136 of 500...
Test iteration 136 passed.
Running test iteration 137 of 500...
Test iteration 137 passed.
Running test iteration 138 of 500...
Test iteration 138 passed.
Running test iteration 139 of 500...
Test iteration 139 passed.
Running test iteration 140 of 500...
Test iteration 140 passed.
Running test iteration 141 of 500...
Test iteration 141 passed.
Running test iteration 142 of 500...
Test iteration 142 passed.
Running test iteration 143 of 500...
Test iteration 143 passed.
Running test iteration 144 of 500...
Test iteration 144 passed.
Running test iteration 145 of 500...
Test iteration 145 passed.
Running test iteration 146 of 500...
Test iteration 146 passed.
Running test iteration 147 of 500...
Test iteration 147 passed.
Running test iteration 148 of 500...
Test iteration 148 passed.
Running test iteration 149 of 500...
Test iteration 149 passed.
Running test iteration 150 of 500...
Test iteration 150 passed.
Running test iteration 151 of 500...
Test iteration 151 passed.
Running test iteration 152 of 500...
Test iteration 152 passed.
Running test iteration 153 of 500...
Test iteration 153 passed.
Running test iteration 154 of 500...
Test iteration 154 passed.
Running test iteration 155 of 500...
Test iteration 155 passed.
Running test iteration 156 of 500...
Test iteration 156 passed.
Running test iteration 157 of 500...
Test iteration 157 passed.
Running test iteration 158 of 500...
Test iteration 158 passed.
Running test iteration 159 of 500...
Test iteration 159 passed.
Running test iteration 160 of 500...
Test iteration 160 passed.
Running test iteration 161 of 500...
Test iteration 161 passed.
Running test iteration 162 of 500...
Test iteration 162 passed.
Running test iteration 163 of 500...
Test iteration 163 passed.
Running test iteration 164 of 500...
Test iteration 164 passed.
Running test iteration 165 of 500...
Test iteration 165 passed.
Running test iteration 166 of 500...
Test iteration 166 passed.
Running test iteration 167 of 500...
Test iteration 167 passed.
Running test iteration 168 of 500...
Test iteration 168 passed.
Running test iteration 169 of 500...
Test iteration 169 passed.
Running test iteration 170 of 500...
Test iteration 170 passed.
Running test iteration 171 of 500...
Test iteration 171 passed.
Running test iteration 172 of 500...
Test iteration 172 passed.
Running test iteration 173 of 500...
Test iteration 173 passed.
Running test iteration 174 of 500...
Test iteration 174 passed.
Running test iteration 175 of 500...
Test iteration 175 passed.
Running test iteration 176 of 500...
Test iteration 176 passed.
Running test iteration 177 of 500...
Test iteration 177 passed.
Running test iteration 178 of 500...
Test iteration 178 passed.
Running test iteration 179 of 500...
Test iteration 179 passed.
Running test iteration 180 of 500...
Test iteration 180 passed.
Running test iteration 181 of 500...
Test iteration 181 passed.
Running test iteration 182 of 500...
Test iteration 182 passed.
Running test iteration 183 of 500...
Test iteration 183 passed.
Running test iteration 184 of 500...
Test iteration 184 passed.
Running test iteration 185 of 500...
Test iteration 185 passed.
Running test iteration 186 of 500...
Test iteration 186 passed.
Running test iteration 187 of 500...
Test iteration 187 passed.
Running test iteration 188 of 500...
Test iteration 188 passed.
Running test iteration 189 of 500...
Test iteration 189 passed.
Running test iteration 190 of 500...
Test iteration 190 passed.
Running test iteration 191 of 500...
Test iteration 191 passed.
Running test iteration 192 of 500...
Test iteration 192 passed.
Running test iteration 193 of 500...
Test iteration 193 passed.
Running test iteration 194 of 500...
Test iteration 194 passed.
Running test iteration 195 of 500...
Test iteration 195 passed.
Running test iteration 196 of 500...
Test iteration 196 passed.
Running test iteration 197 of 500...
Test iteration 197 passed.
Running test iteration 198 of 500...
Test iteration 198 passed.
Running test iteration 199 of 500...
Test iteration 199 passed.
Running test iteration 200 of 500...
Test iteration 200 passed.
Running test iteration 201 of 500...
Test iteration 201 passed.
Running test iteration 202 of 500...
Test iteration 202 passed.
Running test iteration 203 of 500...
Test iteration 203 passed.
Running test iteration 204 of 500...
Test iteration 204 passed.
Running test iteration 205 of 500...
Test iteration 205 passed.
Running test iteration 206 of 500...
Test iteration 206 passed.
Running test iteration 207 of 500...
Test iteration 207 passed.
Running test iteration 208 of 500...
Test iteration 208 passed.
Running test iteration 209 of 500...
Test iteration 209 passed.
Running test iteration 210 of 500...
Test iteration 210 passed.
Running test iteration 211 of 500...
Test iteration 211 passed.
Running test iteration 212 of 500...
Test iteration 212 passed.
Running test iteration 213 of 500...
Test iteration 213 passed.
Running test iteration 214 of 500...
Test iteration 214 passed.
Running test iteration 215 of 500...
Test iteration 215 passed.
Running test iteration 216 of 500...
Test iteration 216 passed.
Running test iteration 217 of 500...
Test iteration 217 passed.
Running test iteration 218 of 500...
Test iteration 218 passed.
Running test iteration 219 of 500...
Test iteration 219 passed.
Running test iteration 220 of 500...
Test iteration 220 passed.
Running test iteration 221 of 500...
Test iteration 221 passed.
Running test iteration 222 of 500...
Test iteration 222 passed.
Running test iteration 223 of 500...
Test iteration 223 passed.
Running test iteration 224 of 500...
Test iteration 224 passed.
Running test iteration 225 of 500...
Test iteration 225 passed.
Running test iteration 226 of 500...
Test iteration 226 passed.
Running test iteration 227 of 500...
Test iteration 227 passed.
Running test iteration 228 of 500...
Test iteration 228 passed.
Running test iteration 229 of 500...
Test iteration 229 passed.
Running test iteration 230 of 500...
Test iteration 230 passed.
Running test iteration 231 of 500...
Test iteration 231 passed.
Running test iteration 232 of 500...
Test iteration 232 passed.
Running test iteration 233 of 500...
Test iteration 233 passed.
Running test iteration 234 of 500...
Test iteration 234 passed.
Running test iteration 235 of 500...
Test iteration 235 passed.
Running test iteration 236 of 500...
Test iteration 236 passed.
Running test iteration 237 of 500...
Test iteration 237 passed.
Running test iteration 238 of 500...
Test iteration 238 passed.
Running test iteration 239 of 500...
Test iteration 239 passed.
Running test iteration 240 of 500...
Test iteration 240 passed.
Running test iteration 241 of 500...
Test iteration 241 passed.
Running test iteration 242 of 500...
Test iteration 242 passed.
Running test iteration 243 of 500...
Test iteration 243 passed.
Running test iteration 244 of 500...
Test iteration 244 passed.
Running test iteration 245 of 500...
Test iteration 245 passed.
Running test iteration 246 of 500...
Test iteration 246 passed.
Running test iteration 247 of 500...
Test iteration 247 passed.
Running test iteration 248 of 500...
Test iteration 248 passed.
Running test iteration 249 of 500...
Test iteration 249 passed.
Running test iteration 250 of 500...
Test iteration 250 passed.
Running test iteration 251 of 500...
Test iteration 251 passed.
Running test iteration 252 of 500...
Test iteration 252 passed.
Running test iteration 253 of 500...
Test iteration 253 passed.
Running test iteration 254 of 500...
Test iteration 254 passed.
Running test iteration 255 of 500...
Test iteration 255 passed.
Running test iteration 256 of 500...
Test iteration 256 passed.
Running test iteration 257 of 500...
Test iteration 257 passed.
Running test iteration 258 of 500...
Test iteration 258 passed.
Running test iteration 259 of 500...
Test iteration 259 passed.
Running test iteration 260 of 500...
Test iteration 260 passed.
Running test iteration 261 of 500...
Test iteration 261 passed.
Running test iteration 262 of 500...
Test iteration 262 passed.
Running test iteration 263 of 500...
Test iteration 263 passed.
Running test iteration 264 of 500...
Test iteration 264 passed.
Running test iteration 265 of 500...
Test iteration 265 passed.
Running test iteration 266 of 500...
Test iteration 266 passed.
Running test iteration 267 of 500...
Test iteration 267 passed.
Running test iteration 268 of 500...
Test iteration 268 passed.
Running test iteration 269 of 500...
Test iteration 269 passed.
Running test iteration 270 of 500...
Test iteration 270 passed.
Running test iteration 271 of 500...
Test iteration 271 passed.
Running test iteration 272 of 500...
Test iteration 272 passed.
Running test iteration 273 of 500...
Test iteration 273 passed.
Running test iteration 274 of 500...
Test iteration 274 passed.
Running test iteration 275 of 500...
Test iteration 275 passed.
Running test iteration 276 of 500...
Test iteration 276 passed.
Running test iteration 277 of 500...
Test iteration 277 passed.
Running test iteration 278 of 500...
Test iteration 278 passed.
Running test iteration 279 of 500...
Test iteration 279 passed.
Running test iteration 280 of 500...
Test iteration 280 passed.
Running test iteration 281 of 500...
Test iteration 281 passed.
Running test iteration 282 of 500...
Test iteration 282 passed.
Running test iteration 283 of 500...
Test iteration 283 passed.
Running test iteration 284 of 500...
Test iteration 284 passed.
Running test iteration 285 of 500...
Test iteration 285 passed.
Running test iteration 286 of 500...
Test iteration 286 passed.
Running test iteration 287 of 500...
Test iteration 287 passed.
Running test iteration 288 of 500...
Test iteration 288 passed.
Running test iteration 289 of 500...
Test iteration 289 passed.
Running test iteration 290 of 500...
Test iteration 290 passed.
Running test iteration 291 of 500...
Test iteration 291 passed.
Running test iteration 292 of 500...
Test iteration 292 passed.
Running test iteration 293 of 500...
Test iteration 293 passed.
Running test iteration 294 of 500...
Test iteration 294 passed.
Running test iteration 295 of 500...
Test iteration 295 passed.
Running test iteration 296 of 500...
Test iteration 296 passed.
Running test iteration 297 of 500...
Test iteration 297 passed.
Running test iteration 298 of 500...
Test iteration 298 passed.
Running test iteration 299 of 500...
Test iteration 299 passed.
Running test iteration 300 of 500...
Test iteration 300 passed.
Running test iteration 301 of 500...
Test iteration 301 passed.
Running test iteration 302 of 500...
Test iteration 302 passed.
Running test iteration 303 of 500...
Test iteration 303 passed.
Running test iteration 304 of 500...
Test iteration 304 passed.
Running test iteration 305 of 500...
Test iteration 305 passed.
Running test iteration 306 of 500...
Test iteration 306 passed.
Running test iteration 307 of 500...
Test iteration 307 passed.
Running test iteration 308 of 500...
Test iteration 308 passed.
Running test iteration 309 of 500...
Test iteration 309 passed.
Running test iteration 310 of 500...
Test iteration 310 passed.
Running test iteration 311 of 500...
Test iteration 311 passed.
Running test iteration 312 of 500...
Test iteration 312 passed.
Running test iteration 313 of 500...
Test iteration 313 passed.
Running test iteration 314 of 500...
Test iteration 314 passed.
Running test iteration 315 of 500...
Test iteration 315 passed.
Running test iteration 316 of 500...
Test iteration 316 passed.
Running test iteration 317 of 500...
Test iteration 317 passed.
Running test iteration 318 of 500...
Test iteration 318 passed.
Running test iteration 319 of 500...
Test iteration 319 passed.
Running test iteration 320 of 500...
Test iteration 320 passed.
Running test iteration 321 of 500...
Test iteration 321 passed.
Running test iteration 322 of 500...
Test iteration 322 passed.
Running test iteration 323 of 500...
Test iteration 323 passed.
Running test iteration 324 of 500...
Test iteration 324 passed.
Running test iteration 325 of 500...
Test iteration 325 passed.
Running test iteration 326 of 500...
Test iteration 326 passed.
Running test iteration 327 of 500...
Test iteration 327 passed.
Running test iteration 328 of 500...
Test iteration 328 passed.
Running test iteration 329 of 500...
Test iteration 329 passed.
Running test iteration 330 of 500...
Test iteration 330 passed.
Running test iteration 331 of 500...
Test iteration 331 passed.
Running test iteration 332 of 500...
Test iteration 332 passed.
Running test iteration 333 of 500...
Test iteration 333 passed.
Running test iteration 334 of 500...
Test iteration 334 passed.
Running test iteration 335 of 500...
Test iteration 335 passed.
Running test iteration 336 of 500...
Test iteration 336 passed.
Running test iteration 337 of 500...
Test iteration 337 passed.
Running test iteration 338 of 500...
Test iteration 338 passed.
Running test iteration 339 of 500...
Test iteration 339 passed.
Running test iteration 340 of 500...
Test iteration 340 passed.
Running test iteration 341 of 500...
Test iteration 341 passed.
Running test iteration 342 of 500...
Test iteration 342 passed.
Running test iteration 343 of 500...
Test iteration 343 passed.
Running test iteration 344 of 500...
Test iteration 344 passed.
Running test iteration 345 of 500...
Test iteration 345 passed.
Running test iteration 346 of 500...
Test iteration 346 passed.
Running test iteration 347 of 500...
Test iteration 347 passed.
Running test iteration 348 of 500...
Test iteration 348 passed.
Running test iteration 349 of 500...
Test iteration 349 passed.
Running test iteration 350 of 500...
Test iteration 350 passed.
Running test iteration 351 of 500...
Test iteration 351 passed.
Running test iteration 352 of 500...
Test iteration 352 passed.
Running test iteration 353 of 500...
Test iteration 353 passed.
Running test iteration 354 of 500...
Test iteration 354 passed.
Running test iteration 355 of 500...
Test iteration 355 passed.
Running test iteration 356 of 500...
Test iteration 356 passed.
Running test iteration 357 of 500...
Test iteration 357 passed.
Running test iteration 358 of 500...
Test iteration 358 passed.
Running test iteration 359 of 500...
Test iteration 359 passed.
Running test iteration 360 of 500...
Test iteration 360 passed.
Running test iteration 361 of 500...
Test iteration 361 passed.
Running test iteration 362 of 500...
Test iteration 362 passed.
Running test iteration 363 of 500...
Test iteration 363 passed.
Running test iteration 364 of 500...
Test iteration 364 passed.
Running test iteration 365 of 500...
Test iteration 365 passed.
Running test iteration 366 of 500...
Test iteration 366 passed.
Running test iteration 367 of 500...
Test iteration 367 passed.
Running test iteration 368 of 500...
Test iteration 368 passed.
Running test iteration 369 of 500...
Test iteration 369 passed.
Running test iteration 370 of 500...
Test iteration 370 passed.
Running test iteration 371 of 500...
Test iteration 371 passed.
Running test iteration 372 of 500...
Test iteration 372 passed.
Running test iteration 373 of 500...
Test iteration 373 passed.
Running test iteration 374 of 500...
Test iteration 374 passed.
Running test iteration 375 of 500...
Test iteration 375 passed.
Running test iteration 376 of 500...
Test iteration 376 passed.
Running test iteration 377 of 500...
Test iteration 377 passed.
Running test iteration 378 of 500...
Test iteration 378 passed.
Running test iteration 379 of 500...
Test iteration 379 passed.
Running test iteration 380 of 500...
Test iteration 380 passed.
Running test iteration 381 of 500...
Test iteration 381 passed.
Running test iteration 382 of 500...
Test iteration 382 passed.
Running test iteration 383 of 500...
Test iteration 383 passed.
Running test iteration 384 of 500...
Test iteration 384 passed.
Running test iteration 385 of 500...
Test iteration 385 passed.
Running test iteration 386 of 500...
Test iteration 386 passed.
Running test iteration 387 of 500...
Test iteration 387 passed.
Running test iteration 388 of 500...
Test iteration 388 passed.
Running test iteration 389 of 500...
Test iteration 389 passed.
Running test iteration 390 of 500...
Test iteration 390 passed.
Running test iteration 391 of 500...
Test iteration 391 passed.
Running test iteration 392 of 500...
Test iteration 392 passed.
Running test iteration 393 of 500...
Test iteration 393 passed.
Running test iteration 394 of 500...
Test iteration 394 passed.
Running test iteration 395 of 500...
Test iteration 395 passed.
Running test iteration 396 of 500...
Test iteration 396 passed.
Running test iteration 397 of 500...
Test iteration 397 passed.
Running test iteration 398 of 500...
Test iteration 398 passed.
Running test iteration 399 of 500...
Test iteration 399 passed.
Running test iteration 400 of 500...
Test iteration 400 passed.
Running test iteration 401 of 500...
Test iteration 401 passed.
Running test iteration 402 of 500...
Test iteration 402 passed.
Running test iteration 403 of 500...
Test iteration 403 passed.
Running test iteration 404 of 500...
Test iteration 404 passed.
Running test iteration 405 of 500...
Test iteration 405 passed.
Running test iteration 406 of 500...
Test iteration 406 passed.
Running test iteration 407 of 500...
Test iteration 407 passed.
Running test iteration 408 of 500...
Test iteration 408 passed.
Running test iteration 409 of 500...
Test iteration 409 passed.
Running test iteration 410 of 500...
Test iteration 410 passed.
Running test iteration 411 of 500...
Test iteration 411 passed.
Running test iteration 412 of 500...
Test iteration 412 passed.
Running test iteration 413 of 500...
Test iteration 413 passed.
Running test iteration 414 of 500...
Test iteration 414 passed.
Running test iteration 415 of 500...
Test iteration 415 passed.
Running test iteration 416 of 500...
Test iteration 416 passed.
Running test iteration 417 of 500...
Test iteration 417 passed.
Running test iteration 418 of 500...
Test iteration 418 passed.
Running test iteration 419 of 500...
Test iteration 419 passed.
Running test iteration 420 of 500...
Test iteration 420 passed.
Running test iteration 421 of 500...
Test iteration 421 passed.
Running test iteration 422 of 500...
Test iteration 422 passed.
Running test iteration 423 of 500...
Test iteration 423 passed.
Running test iteration 424 of 500...
Test iteration 424 passed.
Running test iteration 425 of 500...
Test iteration 425 passed.
Running test iteration 426 of 500...
Test iteration 426 passed.
Running test iteration 427 of 500...
Test iteration 427 passed.
Running test iteration 428 of 500...
Test iteration 428 passed.
Running test iteration 429 of 500...
Test iteration 429 passed.
Running test iteration 430 of 500...
Test iteration 430 passed.
Running test iteration 431 of 500...
Test iteration 431 passed.
Running test iteration 432 of 500...
Test iteration 432 passed.
Running test iteration 433 of 500...
Test iteration 433 passed.
Running test iteration 434 of 500...
Test iteration 434 passed.
Running test iteration 435 of 500...
Test iteration 435 passed.
Running test iteration 436 of 500...
Test iteration 436 passed.
Running test iteration 437 of 500...
Test iteration 437 passed.
Running test iteration 438 of 500...
Test iteration 438 passed.
Running test iteration 439 of 500...
Test iteration 439 passed.
Running test iteration 440 of 500...
Test iteration 440 passed.
Running test iteration 441 of 500...
Test iteration 441 passed.
Running test iteration 442 of 500...
Test iteration 442 passed.
Running test iteration 443 of 500...
Test iteration 443 passed.
Running test iteration 444 of 500...
Test iteration 444 passed.
Running test iteration 445 of 500...
Test iteration 445 passed.
Running test iteration 446 of 500...
Test iteration 446 passed.
Running test iteration 447 of 500...
Test iteration 447 passed.
Running test iteration 448 of 500...
Test iteration 448 passed.
Running test iteration 449 of 500...
Test iteration 449 passed.
Running test iteration 450 of 500...
Test iteration 450 passed.
Running test iteration 451 of 500...
Test iteration 451 passed.
Running test iteration 452 of 500...
Test iteration 452 passed.
Running test iteration 453 of 500...
Test iteration 453 passed.
Running test iteration 454 of 500...
Test iteration 454 passed.
Running test iteration 455 of 500...
Test iteration 455 passed.
Running test iteration 456 of 500...
Test iteration 456 passed.
Running test iteration 457 of 500...
Test iteration 457 passed.
Running test iteration 458 of 500...
Test iteration 458 passed.
Running test iteration 459 of 500...
Test iteration 459 passed.
Running test iteration 460 of 500...
Test iteration 460 passed.
Running test iteration 461 of 500...
Test iteration 461 passed.
Running test iteration 462 of 500...
Test iteration 462 passed.
Running test iteration 463 of 500...
Test iteration 463 passed.
Running test iteration 464 of 500...
Test iteration 464 passed.
Running test iteration 465 of 500...
Test iteration 465 passed.
Running test iteration 466 of 500...
Test iteration 466 passed.
Running test iteration 467 of 500...
Test iteration 467 passed.
Running test iteration 468 of 500...
Test iteration 468 passed.
Running test iteration 469 of 500...
Test iteration 469 passed.
Running test iteration 470 of 500...
Test iteration 470 passed.
Running test iteration 471 of 500...
Test iteration 471 passed.
Running test iteration 472 of 500...
Test iteration 472 passed.
Running test iteration 473 of 500...
Test iteration 473 passed.
Running test iteration 474 of 500...
Test iteration 474 passed.
Running test iteration 475 of 500...
Test iteration 475 passed.
Running test iteration 476 of 500...
Test iteration 476 passed.
Running test iteration 477 of 500...
Test iteration 477 passed.
Running test iteration 478 of 500...
Test iteration 478 passed.
Running test iteration 479 of 500...
Test iteration 479 passed.
Running test iteration 480 of 500...
Test iteration 480 passed.
Running test iteration 481 of 500...
Test iteration 481 passed.
Running test iteration 482 of 500...
Test iteration 482 passed.
Running test iteration 483 of 500...
Test iteration 483 passed.
Running test iteration 484 of 500...
Test iteration 484 passed.
Running test iteration 485 of 500...
Test iteration 485 passed.
Running test iteration 486 of 500...
Test iteration 486 passed.
Running test iteration 487 of 500...
Test iteration 487 passed.
Running test iteration 488 of 500...
Test iteration 488 passed.
Running test iteration 489 of 500...
Test iteration 489 passed.
Running test iteration 490 of 500...
Test iteration 490 passed.
Running test iteration 491 of 500...
Test iteration 491 passed.
Running test iteration 492 of 500...
Test iteration 492 passed.
Running test iteration 493 of 500...
Test iteration 493 passed.
Running test iteration 494 of 500...
Test iteration 494 passed.
Running test iteration 495 of 500...
Test iteration 495 passed.
Running test iteration 496 of 500...
Test iteration 496 passed.
Running test iteration 497 of 500...
Test iteration 497 passed.
Running test iteration 498 of 500...
Test iteration 498 passed.
Running test iteration 499 of 500...
Test iteration 499 passed.
Running test iteration 500 of 500...
Test iteration 500 passed.
Testing completed: 500 iterations run.
Successes: 500
Failures: 0
