=== RUN   TestBasicAgree2B
Test (2B): basic agreement ...
  ... Passed --   0.7  3   20    5258    3
--- PASS: TestBasicAgree2B (0.66s)
=== RUN   TestRPCBytes2B
Test (2B): RPC byte count ...
  ... Passed --   0.6  3   12   13308    2
--- PASS: TestRPCBytes2B (0.57s)
=== RUN   TestFailAgree2B
Test (2B): agreement despite follower disconnection ...
  ... Passed --   3.9  3  135   38225    7
--- PASS: TestFailAgree2B (3.89s)
=== RUN   TestFailNoAgree2B
Test (2B): no agreement if too many followers disconnect ...
  ... Passed --   3.7  5  329   72097    4
--- PASS: TestFailNoAgree2B (3.70s)
=== RUN   TestConcurrentStarts2B
Test (2B): concurrent Start()s ...
  ... Passed --   0.6  3   22    6586    6
--- PASS: TestConcurrentStarts2B (0.61s)
=== RUN   TestRejoin2B
Test (2B): rejoin of partitioned leader ...
  ... Passed --   4.2  5  493  126905    4
--- PASS: TestRejoin2B (4.17s)
=== RUN   TestBackup2B
Test (2B): leader backs up quickly over incorrect follower logs ...
  ... Passed --  31.8  5 13685 11932702  105
--- PASS: TestBackup2B (31.88s)
=== RUN   TestCount2B
Test (2B): RPC counts aren't too high ...
  ... Passed --   2.7  3   82   26400   12
--- PASS: TestCount2B (2.67s)
PASS
