Running test iteration 1 of 200...
Test iteration 1 passed.
Running test iteration 2 of 200...
Test iteration 2 passed.
Running test iteration 3 of 200...
Test iteration 3 passed.
Running test iteration 4 of 200...
Test iteration 4 passed.
Running test iteration 5 of 200...
Test iteration 5 passed.
Running test iteration 6 of 200...
Test iteration 6 passed.
Running test iteration 7 of 200...
Test iteration 7 passed.
Running test iteration 8 of 200...
Test iteration 8 passed.
Running test iteration 9 of 200...
Test iteration 9 passed.
Running test iteration 10 of 200...
Test iteration 10 passed.
Running test iteration 11 of 200...
Test iteration 11 passed.
Running test iteration 12 of 200...
Test iteration 12 passed.
Running test iteration 13 of 200...
Test iteration 13 passed.
Running test iteration 14 of 200...
Test iteration 14 passed.
Running test iteration 15 of 200...
Test iteration 15 passed.
Running test iteration 16 of 200...
Test iteration 16 passed.
Running test iteration 17 of 200...
Test iteration 17 passed.
Running test iteration 18 of 200...
Test iteration 18 passed.
Running test iteration 19 of 200...
Test iteration 19 passed.
Running test iteration 20 of 200...
Test iteration 20 passed.
Running test iteration 21 of 200...
Test iteration 21 passed.
Running test iteration 22 of 200...
Test iteration 22 passed.
Running test iteration 23 of 200...
Test iteration 23 passed.
Running test iteration 24 of 200...
Test iteration 24 passed.
Running test iteration 25 of 200...
Test iteration 25 passed.
Running test iteration 26 of 200...
Test iteration 26 passed.
Running test iteration 27 of 200...
Test iteration 27 passed.
Running test iteration 28 of 200...
Test iteration 28 passed.
Running test iteration 29 of 200...
Test iteration 29 passed.
Running test iteration 30 of 200...
Test iteration 30 passed.
Running test iteration 31 of 200...
Test iteration 31 passed.
Running test iteration 32 of 200...
Test iteration 32 passed.
Running test iteration 33 of 200...
Test iteration 33 passed.
Running test iteration 34 of 200...
Test iteration 34 passed.
Running test iteration 35 of 200...
Test iteration 35 passed.
Running test iteration 36 of 200...
Test iteration 36 passed.
Running test iteration 37 of 200...
Test iteration 37 passed.
Running test iteration 38 of 200...
Test iteration 38 passed.
Running test iteration 39 of 200...
Test iteration 39 passed.
Running test iteration 40 of 200...
Test iteration 40 passed.
Running test iteration 41 of 200...
Test iteration 41 passed.
Running test iteration 42 of 200...
Test iteration 42 passed.
Running test iteration 43 of 200...
Test iteration 43 passed.
Running test iteration 44 of 200...
Test iteration 44 passed.
Running test iteration 45 of 200...
Test iteration 45 passed.
Running test iteration 46 of 200...
Test iteration 46 passed.
Running test iteration 47 of 200...
Test iteration 47 passed.
Running test iteration 48 of 200...
Test iteration 48 passed.
Running test iteration 49 of 200...
Test iteration 49 passed.
Running test iteration 50 of 200...
Test iteration 50 passed.
Running test iteration 51 of 200...
Test iteration 51 passed.
Running test iteration 52 of 200...
Test iteration 52 passed.
Running test iteration 53 of 200...
Test iteration 53 passed.
Running test iteration 54 of 200...
Test iteration 54 passed.
Running test iteration 55 of 200...
Test iteration 55 passed.
Running test iteration 56 of 200...
Test iteration 56 passed.
Running test iteration 57 of 200...
Test iteration 57 passed.
Running test iteration 58 of 200...
Test iteration 58 passed.
Running test iteration 59 of 200...
Test iteration 59 passed.
Running test iteration 60 of 200...
Test iteration 60 passed.
Running test iteration 61 of 200...
Test iteration 61 passed.
Running test iteration 62 of 200...
Test iteration 62 passed.
Running test iteration 63 of 200...
Test iteration 63 passed.
Running test iteration 64 of 200...
Test iteration 64 passed.
Running test iteration 65 of 200...
Test iteration 65 passed.
Running test iteration 66 of 200...
Test iteration 66 passed.
Running test iteration 67 of 200...
Test iteration 67 passed.
Running test iteration 68 of 200...
Test iteration 68 passed.
Running test iteration 69 of 200...
Test iteration 69 passed.
Running test iteration 70 of 200...
Test iteration 70 passed.
Running test iteration 71 of 200...
Test iteration 71 passed.
Running test iteration 72 of 200...
Test iteration 72 passed.
Running test iteration 73 of 200...
Test iteration 73 passed.
Running test iteration 74 of 200...
Test iteration 74 passed.
Running test iteration 75 of 200...
Test iteration 75 passed.
Running test iteration 76 of 200...
Test iteration 76 passed.
Running test iteration 77 of 200...
Test iteration 77 passed.
Running test iteration 78 of 200...
Test iteration 78 passed.
Running test iteration 79 of 200...
Test iteration 79 passed.
Running test iteration 80 of 200...
Test iteration 80 passed.
Running test iteration 81 of 200...
Test iteration 81 passed.
Running test iteration 82 of 200...
Test iteration 82 passed.
Running test iteration 83 of 200...
Test iteration 83 passed.
Running test iteration 84 of 200...
Test iteration 84 passed.
Running test iteration 85 of 200...
Test iteration 85 passed.
Running test iteration 86 of 200...
Test iteration 86 passed.
Running test iteration 87 of 200...
Test iteration 87 passed.
Running test iteration 88 of 200...
Test iteration 88 passed.
Running test iteration 89 of 200...
Test iteration 89 passed.
Running test iteration 90 of 200...
Test iteration 90 passed.
Running test iteration 91 of 200...
Test iteration 91 passed.
Running test iteration 92 of 200...
Test iteration 92 passed.
Running test iteration 93 of 200...
Test iteration 93 passed.
Running test iteration 94 of 200...
Test iteration 94 passed.
Running test iteration 95 of 200...
Test iteration 95 passed.
Running test iteration 96 of 200...
Test iteration 96 passed.
Running test iteration 97 of 200...
Test iteration 97 passed.
Running test iteration 98 of 200...
Test iteration 98 passed.
Running test iteration 99 of 200...
Test iteration 99 passed.
Running test iteration 100 of 200...
Test iteration 100 passed.
Running test iteration 101 of 200...
Test iteration 101 passed.
Running test iteration 102 of 200...
Test iteration 102 passed.
Running test iteration 103 of 200...
Test iteration 103 passed.
Running test iteration 104 of 200...
Test iteration 104 passed.
Running test iteration 105 of 200...
Test iteration 105 passed.
Running test iteration 106 of 200...
Test iteration 106 passed.
Running test iteration 107 of 200...
Test iteration 107 passed.
Running test iteration 108 of 200...
Test iteration 108 passed.
Running test iteration 109 of 200...
Test iteration 109 passed.
Running test iteration 110 of 200...
Test iteration 110 passed.
Running test iteration 111 of 200...
Test iteration 111 passed.
Running test iteration 112 of 200...
Test iteration 112 passed.
Running test iteration 113 of 200...
Test iteration 113 passed.
Running test iteration 114 of 200...
Test iteration 114 passed.
Running test iteration 115 of 200...
Test iteration 115 passed.
Running test iteration 116 of 200...
Test iteration 116 passed.
Running test iteration 117 of 200...
Test iteration 117 passed.
Running test iteration 118 of 200...
Test iteration 118 passed.
Running test iteration 119 of 200...
Test iteration 119 passed.
Running test iteration 120 of 200...
Test iteration 120 passed.
Running test iteration 121 of 200...
Test iteration 121 passed.
Running test iteration 122 of 200...
Test iteration 122 passed.
Running test iteration 123 of 200...
Test iteration 123 passed.
Running test iteration 124 of 200...
Test iteration 124 passed.
Running test iteration 125 of 200...
Test iteration 125 passed.
Running test iteration 126 of 200...
Test iteration 126 passed.
Running test iteration 127 of 200...
Test iteration 127 passed.
Running test iteration 128 of 200...
Test iteration 128 passed.
Running test iteration 129 of 200...
Test iteration 129 passed.
Running test iteration 130 of 200...
Test iteration 130 passed.
Running test iteration 131 of 200...
Test iteration 131 passed.
Running test iteration 132 of 200...
Test iteration 132 passed.
Running test iteration 133 of 200...
Test iteration 133 passed.
Running test iteration 134 of 200...
Test iteration 134 passed.
Running test iteration 135 of 200...
Test iteration 135 passed.
Running test iteration 136 of 200...
Test iteration 136 passed.
Running test iteration 137 of 200...
Test iteration 137 passed.
Running test iteration 138 of 200...
Test iteration 138 passed.
Running test iteration 139 of 200...
Test iteration 139 passed.
Running test iteration 140 of 200...
Test iteration 140 passed.
Running test iteration 141 of 200...
Test iteration 141 passed.
Running test iteration 142 of 200...
Test iteration 142 passed.
Running test iteration 143 of 200...
Test iteration 143 passed.
Running test iteration 144 of 200...
Test iteration 144 passed.
Running test iteration 145 of 200...
Test iteration 145 passed.
Running test iteration 146 of 200...
Test iteration 146 passed.
Running test iteration 147 of 200...
Test iteration 147 passed.
Running test iteration 148 of 200...
Test iteration 148 passed.
Running test iteration 149 of 200...
Test iteration 149 passed.
Running test iteration 150 of 200...
Test iteration 150 passed.
Running test iteration 151 of 200...
Test iteration 151 passed.
Running test iteration 152 of 200...
Test iteration 152 passed.
Running test iteration 153 of 200...
Test iteration 153 passed.
Running test iteration 154 of 200...
Test iteration 154 passed.
Running test iteration 155 of 200...
Test iteration 155 passed.
Running test iteration 156 of 200...
Test iteration 156 passed.
Running test iteration 157 of 200...
Test iteration 157 passed.
Running test iteration 158 of 200...
Test iteration 158 passed.
Running test iteration 159 of 200...
Test iteration 159 passed.
Running test iteration 160 of 200...
Test iteration 160 passed.
Running test iteration 161 of 200...
Test iteration 161 passed.
Running test iteration 162 of 200...
Test iteration 162 passed.
Running test iteration 163 of 200...
Test iteration 163 passed.
Running test iteration 164 of 200...
Test iteration 164 passed.
Running test iteration 165 of 200...
Test iteration 165 passed.
Running test iteration 166 of 200...
Test iteration 166 passed.
Running test iteration 167 of 200...
Test iteration 167 passed.
Running test iteration 168 of 200...
Test iteration 168 passed.
Running test iteration 169 of 200...
Test iteration 169 passed.
Running test iteration 170 of 200...
Test iteration 170 passed.
Running test iteration 171 of 200...
Test iteration 171 passed.
Running test iteration 172 of 200...
Test iteration 172 passed.
Running test iteration 173 of 200...
Test iteration 173 passed.
Running test iteration 174 of 200...
Test iteration 174 passed.
Running test iteration 175 of 200...
Test iteration 175 passed.
Running test iteration 176 of 200...
Test iteration 176 passed.
Running test iteration 177 of 200...
Test iteration 177 passed.
Running test iteration 178 of 200...
Test iteration 178 passed.
Running test iteration 179 of 200...
Test iteration 179 passed.
Running test iteration 180 of 200...
Test iteration 180 passed.
Running test iteration 181 of 200...
Test iteration 181 passed.
Running test iteration 182 of 200...
Test iteration 182 passed.
Running test iteration 183 of 200...
Test iteration 183 passed.
Running test iteration 184 of 200...
Test iteration 184 passed.
Running test iteration 185 of 200...
Test iteration 185 passed.
Running test iteration 186 of 200...
Test iteration 186 passed.
Running test iteration 187 of 200...
Test iteration 187 passed.
Running test iteration 188 of 200...
Test iteration 188 passed.
Running test iteration 189 of 200...
Test iteration 189 passed.
Running test iteration 190 of 200...
Test iteration 190 passed.
Running test iteration 191 of 200...
Test iteration 191 passed.
Running test iteration 192 of 200...
Test iteration 192 passed.
Running test iteration 193 of 200...
Test iteration 193 passed.
Running test iteration 194 of 200...
Test iteration 194 passed.
Running test iteration 195 of 200...
Test iteration 195 passed.
Running test iteration 196 of 200...
Test iteration 196 passed.
Running test iteration 197 of 200...
Test iteration 197 passed.
Running test iteration 198 of 200...
Test iteration 198 passed.
Running test iteration 199 of 200...
Test iteration 199 passed.
Running test iteration 200 of 200...
Test iteration 200 passed.
Testing completed: 200 iterations run.
Successes: 200
Failures: 0
